0: IMG_2373
image_size:	4032x3024
focal_length:	3136.000
#sift count:	7717

1: IMG_2374
image_size:	4032x3024
focal_length:	3136.000
#sift count:	11779

2: IMG_2375
image_size:	4032x3024
focal_length:	3136.000
#sift count:	8256

3: IMG_2376
image_size:	4032x3024
focal_length:	3136.000
#sift count:	9255

4: IMG_2377
image_size:	4032x3024
focal_length:	3136.000
#sift count:	7981

5: IMG_2378
image_size:	4032x3024
focal_length:	3136.000
#sift count:	7997

6: IMG_2379
image_size:	4032x3024
focal_length:	3136.000
#sift count:	7876

7: IMG_2380
image_size:	4032x3024
focal_length:	3136.000
#sift count:	8145

8: IMG_2381
image_size:	4032x3024
focal_length:	3136.000
#sift count:	12042

9: IMG_2382
image_size:	4032x3024
focal_length:	3136.000
#sift count:	10662

10: IMG_2383
image_size:	4032x3024
focal_length:	3136.000
#sift count:	10662

11: IMG_2384
image_size:	4032x3024
focal_length:	3136.000
#sift count:	8290

12: IMG_2385
image_size:	4032x3024
focal_length:	3136.000
#sift count:	11835

13: IMG_2386
image_size:	4032x3024
focal_length:	3136.000
#sift count:	11545

14: IMG_2387
image_size:	4032x3024
focal_length:	3136.000
#sift count:	10157

15: IMG_2388
image_size:	4032x3024
focal_length:	3136.000
#sift count:	8506

16: IMG_2389
image_size:	4032x3024
focal_length:	3136.000
#sift count:	8329

17: IMG_2390
image_size:	4032x3024
focal_length:	3136.000
#sift count:	12214

18: IMG_2391
image_size:	4032x3024
focal_length:	3136.000
#sift count:	11742

19: IMG_2392
image_size:	4032x3024
focal_length:	3136.000
#sift count:	12022

20: IMG_2393
image_size:	4032x3024
focal_length:	3136.000
#sift count:	12543

21: IMG_2394
image_size:	4032x3024
focal_length:	3136.000
#sift count:	7754

22: IMG_2395
image_size:	4032x3024
focal_length:	3136.000
#sift count:	8151

23: IMG_2396
image_size:	4032x3024
focal_length:	3136.000
#sift count:	8007

24: IMG_2397
image_size:	4032x3024
focal_length:	3136.000
#sift count:	8162

25: IMG_2398
image_size:	4032x3024
focal_length:	3136.000
#sift count:	12657

26: IMG_2399
image_size:	4032x3024
focal_length:	3136.000
#sift count:	8777

27: IMG_2400
image_size:	4032x3024
focal_length:	3136.000
#sift count:	9036

28: IMG_2401
image_size:	4032x3024
focal_length:	3136.000
#sift count:	8853

29: IMG_2402
image_size:	4032x3024
focal_length:	3136.000
#sift count:	9347

30: IMG_2403
image_size:	4032x3024
focal_length:	3136.000
#sift count:	7915

31: IMG_2404
image_size:	4032x3024
focal_length:	3136.000
#sift count:	7765

32: IMG_2405
image_size:	4032x3024
focal_length:	3136.000
#sift count:	8311

33: IMG_2406
image_size:	4032x3024
focal_length:	3136.000
#sift count:	12519

34: IMG_2407
image_size:	4032x3024
focal_length:	3136.000
#sift count:	8331

35: IMG_2408
image_size:	4032x3024
focal_length:	3136.000
#sift count:	7835

36: IMG_2409
image_size:	4032x3024
focal_length:	3136.000
#sift count:	8123

37: IMG_2410
image_size:	4032x3024
focal_length:	3136.000
#sift count:	7889

38: IMG_2411
image_size:	4032x3024
focal_length:	3136.000
#sift count:	10447

39: IMG_2412
image_size:	4032x3024
focal_length:	3136.000
#sift count:	11072

40: IMG_2413
image_size:	4032x3024
focal_length:	3136.000
#sift count:	11227

41: IMG_2414
image_size:	4032x3024
focal_length:	3136.000
#sift count:	12194

42: IMG_2415
image_size:	4032x3024
focal_length:	3136.000
#sift count:	11745

43: IMG_2416
image_size:	4032x3024
focal_length:	3136.000
#sift count:	11857

44: IMG_2417
image_size:	4032x3024
focal_length:	3136.000
#sift count:	11256

45: IMG_2418
image_size:	4032x3024
focal_length:	3136.000
#sift count:	10236

46: IMG_2419
image_size:	4032x3024
focal_length:	3136.000
#sift count:	11068

47: IMG_2420
image_size:	4032x3024
focal_length:	3136.000
#sift count:	12357

48: IMG_2421
image_size:	4032x3024
focal_length:	3136.000
#sift count:	8265

49: IMG_2422
image_size:	4032x3024
focal_length:	3136.000
#sift count:	8034

50: IMG_2423
image_size:	4032x3024
focal_length:	3136.000
#sift count:	7961

51: IMG_2424
image_size:	4032x3024
focal_length:	3136.000
#sift count:	10575

52: IMG_2425
image_size:	4032x3024
focal_length:	3136.000
#sift count:	7894

53: IMG_2426
image_size:	4032x3024
focal_length:	3136.000
#sift count:	8682

54: IMG_2427
image_size:	4032x3024
focal_length:	3136.000
#sift count:	8995

55: IMG_2428
image_size:	4032x3024
focal_length:	3136.000
#sift count:	8720

56: IMG_2429
image_size:	4032x3024
focal_length:	3136.000
#sift count:	8484

57: IMG_2430
image_size:	4032x3024
focal_length:	3136.000
#sift count:	9344

58: IMG_2431
image_size:	4032x3024
focal_length:	3136.000
#sift count:	8605

59: IMG_2432
image_size:	4032x3024
focal_length:	3136.000
#sift count:	9821

60: IMG_2433
image_size:	4032x3024
focal_length:	3136.000
#sift count:	8946

61: IMG_2434
image_size:	4032x3024
focal_length:	3136.000
#sift count:	8505

62: IMG_2435
image_size:	4032x3024
focal_length:	3136.000
#sift count:	8767

63: IMG_2436
image_size:	4032x3024
focal_length:	3136.000
#sift count:	8787

64: IMG_2437
image_size:	4032x3024
focal_length:	3136.000
#sift count:	8019

65: IMG_2438
image_size:	4032x3024
focal_length:	3136.000
#sift count:	9028

66: IMG_2439
image_size:	4032x3024
focal_length:	3136.000
#sift count:	8540

67: IMG_2440
image_size:	4032x3024
focal_length:	3136.000
#sift count:	8882

68: IMG_2441
image_size:	4032x3024
focal_length:	3136.000
#sift count:	8710

69: IMG_2442
image_size:	4032x3024
focal_length:	3136.000
#sift count:	8259

70: IMG_2443
image_size:	4032x3024
focal_length:	3136.000
#sift count:	8081

71: IMG_2444
image_size:	4032x3024
focal_length:	3136.000
#sift count:	7976

72: IMG_2445
image_size:	4032x3024
focal_length:	3136.000
#sift count:	7793

73: IMG_2446
image_size:	4032x3024
focal_length:	3136.000
#sift count:	11686

74: IMG_2447
image_size:	4032x3024
focal_length:	3136.000
#sift count:	7994

75: IMG_2448
image_size:	4032x3024
focal_length:	3136.000
#sift count:	12500

76: IMG_2449
image_size:	4032x3024
focal_length:	3136.000
#sift count:	8669

77: IMG_2450
image_size:	4032x3024
focal_length:	3136.000
#sift count:	8866

78: IMG_2451
image_size:	4032x3024
focal_length:	3136.000
#sift count:	8832

79: IMG_2452
image_size:	4032x3024
focal_length:	3136.000
#sift count:	8191

80: IMG_2453
image_size:	4032x3024
focal_length:	3136.000
#sift count:	7912

81: IMG_2454
image_size:	4032x3024
focal_length:	3136.000
#sift count:	9006

82: IMG_2455
image_size:	4032x3024
focal_length:	3136.000
#sift count:	9162

83: IMG_2456
image_size:	4032x3024
focal_length:	3136.000
#sift count:	9148

84: IMG_2457
image_size:	4032x3024
focal_length:	3136.000
#sift count:	11736

85: IMG_2458
image_size:	4032x3024
focal_length:	3136.000
#sift count:	8312

86: IMG_2459
image_size:	4032x3024
focal_length:	3136.000
#sift count:	11770

87: IMG_2460
image_size:	4032x3024
focal_length:	3136.000
#sift count:	11718

88: IMG_2461
image_size:	4032x3024
focal_length:	3136.000
#sift count:	9383

89: IMG_2462
image_size:	4032x3024
focal_length:	3136.000
#sift count:	11243

90: IMG_2463
image_size:	4032x3024
focal_length:	3136.000
#sift count:	11373

91: IMG_2464
image_size:	4032x3024
focal_length:	3136.000
#sift count:	11563

92: IMG_2465
image_size:	4032x3024
focal_length:	3136.000
#sift count:	11712

93: IMG_2466
image_size:	4032x3024
focal_length:	3136.000
#sift count:	7739

94: IMG_2467
image_size:	4032x3024
focal_length:	3136.000
#sift count:	8039

95: IMG_2468
image_size:	4032x3024
focal_length:	3136.000
#sift count:	10930

96: IMG_2469
image_size:	4032x3024
focal_length:	3136.000
#sift count:	7871

97: IMG_2470
image_size:	4032x3024
focal_length:	3136.000
#sift count:	7728

98: IMG_2471
image_size:	4032x3024
focal_length:	3136.000
#sift count:	7807

99: IMG_2472
image_size:	4032x3024
focal_length:	3136.000
#sift count:	11563

100: IMG_2473
image_size:	4032x3024
focal_length:	3136.000
#sift count:	11740

101: IMG_2474
image_size:	4032x3024
focal_length:	3136.000
#sift count:	11270

102: IMG_2475
image_size:	4032x3024
focal_length:	3136.000
#sift count:	11895

103: IMG_2476
image_size:	4032x3024
focal_length:	3136.000
#sift count:	9013

104: IMG_2477
image_size:	4032x3024
focal_length:	3136.000
#sift count:	7885

105: IMG_2478
image_size:	4032x3024
focal_length:	3136.000
#sift count:	7880

106: IMG_2479
image_size:	4032x3024
focal_length:	3136.000
#sift count:	10721

107: IMG_2480
image_size:	4032x3024
focal_length:	3136.000
#sift count:	9527

108: IMG_2481
image_size:	4032x3024
focal_length:	3136.000
#sift count:	8492

109: IMG_2482
image_size:	4032x3024
focal_length:	3136.000
#sift count:	11439

110: IMG_2483
image_size:	4032x3024
focal_length:	3136.000
#sift count:	8273

111: IMG_2484
image_size:	4032x3024
focal_length:	3136.000
#sift count:	8253

112: IMG_2485
image_size:	4032x3024
focal_length:	3136.000
#sift count:	10277

113: IMG_2486
image_size:	4032x3024
focal_length:	3136.000
#sift count:	7727

114: IMG_2487
image_size:	4032x3024
focal_length:	3136.000
#sift count:	8915

115: IMG_2488
image_size:	4032x3024
focal_length:	3136.000
#sift count:	8086

116: IMG_2489
image_size:	4032x3024
focal_length:	3136.000
#sift count:	8118

117: IMG_2490
image_size:	4032x3024
focal_length:	3136.000
#sift count:	10869

118: IMG_2491
image_size:	4032x3024
focal_length:	3136.000
#sift count:	11113

119: IMG_2492
image_size:	4032x3024
focal_length:	3136.000
#sift count:	11449

120: IMG_2493
image_size:	4032x3024
focal_length:	3136.000
#sift count:	10742

121: IMG_2494
image_size:	4032x3024
focal_length:	3136.000
#sift count:	11537

122: IMG_2495
image_size:	4032x3024
focal_length:	3136.000
#sift count:	11113

123: IMG_2496
image_size:	4032x3024
focal_length:	3136.000
#sift count:	10712

124: IMG_2497
image_size:	4032x3024
focal_length:	3136.000
#sift count:	8099

125: IMG_2498
image_size:	4032x3024
focal_length:	3136.000
#sift count:	11990

126: IMG_2499
image_size:	4032x3024
focal_length:	3136.000
#sift count:	11301

127: IMG_2500
image_size:	4032x3024
focal_length:	3136.000
#sift count:	8233

128: IMG_2501
image_size:	4032x3024
focal_length:	3136.000
#sift count:	7688

129: IMG_2502
image_size:	4032x3024
focal_length:	3136.000
#sift count:	8288

130: IMG_2503
image_size:	4032x3024
focal_length:	3136.000
#sift count:	8009

131: IMG_2504
image_size:	4032x3024
focal_length:	3136.000
#sift count:	8081

132: IMG_2505
image_size:	4032x3024
focal_length:	3136.000
#sift count:	8471

133: IMG_2506
image_size:	4032x3024
focal_length:	3136.000
#sift count:	8559

134: IMG_2507
image_size:	4032x3024
focal_length:	3136.000
#sift count:	10391

135: IMG_2508
image_size:	4032x3024
focal_length:	3136.000
#sift count:	9623

136: IMG_2509
image_size:	4032x3024
focal_length:	3136.000
#sift count:	9794

137: IMG_2510
image_size:	4032x3024
focal_length:	3136.000
#sift count:	10793

138: IMG_2511
image_size:	4032x3024
focal_length:	3136.000
#sift count:	9733

139: IMG_2512
image_size:	4032x3024
focal_length:	3136.000
#sift count:	9213

140: IMG_2513
image_size:	4032x3024
focal_length:	3136.000
#sift count:	9569

141: IMG_2514
image_size:	4032x3024
focal_length:	3136.000
#sift count:	10856

142: IMG_2515
image_size:	4032x3024
focal_length:	3136.000
#sift count:	9780

143: IMG_2516
image_size:	4032x3024
focal_length:	3136.000
#sift count:	10097

144: IMG_2517
image_size:	4032x3024
focal_length:	3136.000
#sift count:	11744

145: IMG_2518
image_size:	4032x3024
focal_length:	3136.000
#sift count:	8571

**************************************
Change the number of pixel-loaded images by 
modifying param_visual_data_budget in nv.ini
Use the PAUSE button to skip the pixel loading
**************************************
Loading image pixel data ...done in 45s

Run full 3D reconstruction, begin...
369 pairs have two-view models
1020 pairs have fundamental matrices
Initialize with IMG_2409 and IMG_2410
1868 3D points initialized from two images
PBA library version = 105
PBA: 1868 3D pts, 2 cams and 3736 projs...
PBA: 2.694 -> 0.451 (100 LMs in 0.99sec)
Focal Length : [3136.000]->[3019.439]
Focal Length : [3136.000]->[3036.462]

#############################
#3: [IMG_2411] sees 1415 (+2028) 3D points
Focal Length in EXIF  [3136.000]
Estimated Focal Length [3136][0.78N]
# 617 projs (0 pts and 0 merges)
PBA: 1868 3D pts, 3 cams and 4353 projs...
PBA: 17.302 -> 0.792 (66 LMs in 0.83sec)

**************************************
#3/3:  4601 projs and 1727 pts added.
PBA: 3339 3D pts, 3 cams and 7825 projs...
PBA: 2.436 -> 0.996 (21 LMs in 0.32sec)
PBA: 3339 3D pts, 3 cams and 7825 projs...
PBA: 0.996 -> 0.996 (5 LMs in 0.06sec)
Focal Length : [3136.000]->[3264.964]
Radial Distortion : [-0.018 -> -14]

#############################
#4: [IMG_2412] sees 1663 (+2370) 3D points
Focal Length in EXIF  [3136.000]
Estimated Focal Length [3136][0.78N]
# 870 projs (0 pts and 0 merges)
PBA: 3219 3D pts, 4 cams and 8455 projs...
PBA: 9.842 -> 1.328 (31 LMs in 0.68sec)
#points w/ large errors:	30
Focal Length : [3136.000]->[3282.375]
Radial Distortion : [-0.020 -> -16]

#############################
#5: [IMG_2413] sees 1014 (+3179) 3D points
Focal Length in EXIF  [3136.000]
Estimated Focal Length [3136][0.78N]
# 634 projs (0 pts and 0 merges)
PBA: 3204 3D pts, 5 cams and 9044 projs...
PBA: 5.393 -> 1.507 (18 LMs in 0.32sec)
#points w/ large errors:	18

**************************************
#5/5:  9461 projs and 3794 pts added.
PBA: 6971 3D pts, 5 cams and 17812 projs...
PBA: 2.569 -> 1.370 (26 LMs in 0.54sec)
#points w/ large errors:	3
PBA: 6968 3D pts, 5 cams and 17802 projs...
PBA: 1.366 -> 1.366 (12 LMs in 0.25sec)
Focal Length : [3136.000]->[3290.787]
Radial Distortion : [-0.020 -> -15]

#############################
#6: [IMG_2414] sees 1953 (+2227) 3D points
Focal Length in EXIF  [3136.000]
Estimated Focal Length [3136][0.78N]
# 1100 projs (0 pts and 0 merges)
PBA: 6861 3D pts, 6 cams and 18688 projs...
PBA: 6.184 -> 1.693 (39 LMs in 0.72sec)
#points w/ large errors:	105
Focal Length : [3136.000]->[3174.178]
Radial Distortion : [-0.014 -> -12]

#############################
#7: [IMG_2415] sees 1082 (+3276) 3D points
Focal Length in EXIF  [3136.000]
Estimated Focal Length [3136][0.78N]
# 590 projs (0 pts and 0 merges)
PBA: 6765 3D pts, 7 cams and 18950 projs...
PBA: 3.599 -> 1.629 (16 LMs in 0.35sec)
#points w/ large errors:	34

**************************************
#7/7:  7929 projs and 3115 pts added.
PBA: 9844 3D pts, 7 cams and 26146 projs...
PBA: 4.832 -> 2.073 (19 LMs in 0.37sec)
#points w/ large errors:	28
PBA: 9816 3D pts, 7 cams and 26048 projs...
PBA: 2.045 -> 2.043 (17 LMs in 0.35sec)
#points w/ large errors:	10
Focal Length : [3136.000]->[3238.461]
Radial Distortion : [-0.021 -> -17]

#############################
#8: [IMG_2416] sees 2768 (+2801) 3D points
Focal Length in EXIF  [3136.000]
Estimated Focal Length [3136][0.78N]
# 5358 projs (1826 pts and 5 merges)
PBA: 6419 3D pts, 8 cams and 20951 projs...
PBA: 6.976 -> 2.473 (18 LMs in 0.46sec)
#points w/ large errors:	236
Focal Length : [3136.000]->[3221.418]
Radial Distortion : [-0.020 -> -16]

#############################
#9: [IMG_2417] sees 1989 (+1734) 3D points
Focal Length in EXIF  [3136.000]
Estimated Focal Length [3136][0.78N]
# 3054 projs (863 pts and 2 merges)
PBA: 5918 3D pts, 9 cams and 21035 projs...
PBA: 6.306 -> 2.447 (24 LMs in 0.41sec)
#points w/ large errors:	141

**************************************
#9/9:  3650 projs and 1040 pts added.
PBA: 12217 3D pts, 9 cams and 33618 projs...
PBA: 1.831 -> 1.719 (13 LMs in 0.26sec)
#points w/ large errors:	14
PBA: 12203 3D pts, 9 cams and 33562 projs...
PBA: 1.707 -> 1.707 (24 LMs in 0.59sec)
#points w/ large errors:	2
Focal Length : [3136.000]->[3217.244]
Radial Distortion : [-0.018 -> -15]

#############################
#10: [IMG_2418] sees 1626 (+1719) 3D points
Focal Length in EXIF  [3136.000]
Estimated Focal Length [3136][0.78N]
# 2883 projs (950 pts and 2 merges)
PBA: 6344 3D pts, 10 cams and 22829 projs...
PBA: 5.968 -> 2.392 (16 LMs in 0.40sec)
#points w/ large errors:	93
Focal Length : [3136.000]->[3225.204]
Radial Distortion : [-0.015 -> -12]

#############################
#11: [IMG_2419] sees 1020 (+1414) 3D points
Focal Length in EXIF  [3136.000]
Estimated Focal Length [3136][0.78N]
# 375 projs (0 pts and 0 merges)
PBA: 5607 3D pts, 11 cams and 21564 projs...
PBA: 3.355 -> 2.375 (17 LMs in 0.29sec)
#points w/ large errors:	59
Focal Length : [3136.000]->[3248.076]
Radial Distortion : [-0.014 -> -11]

#############################
#12: [IMG_2420] sees 450 (+2382) 3D points
Focal Length in EXIF  [3136.000]
Estimated Focal Length [3136][0.78N]
# 237 projs (0 pts and 0 merges)
PBA: 5579 3D pts, 12 cams and 21619 projs...
PBA: 2.721 -> 2.272 (18 LMs in 0.49sec)
#points w/ large errors:	33

**************************************
#12/12:  6503 projs and 2562 pts added.
PBA: 15355 3D pts, 12 cams and 42230 projs...
PBA: 4.018 -> 1.805 (21 LMs in 0.51sec)
#points w/ large errors:	17
PBA: 15338 3D pts, 12 cams and 42169 projs...
PBA: 1.795 -> 1.795 (18 LMs in 0.72sec)
#points w/ large errors:	3
Focal Length : [3136.000]->[3289.080]
Radial Distortion : [-0.022 -> -17]

#############################
#13: [IMG_2421] sees 1447 (+1502) 3D points
Focal Length in EXIF  [3136.000]
Estimated Focal Length [3136][0.78N]
# 470 projs (0 pts and 0 merges)
PBA: 6414 3D pts, 13 cams and 24783 projs...
PBA: 3.736 -> 2.516 (21 LMs in 0.79sec)
#points w/ large errors:	216
Focal Length : [3136.000]->[3359.219]
Radial Distortion : [-0.042 -> -31]

#############################
#14: [IMG_2422] sees 807 (+2323) 3D points
Focal Length in EXIF  [3136.000]
Estimated Focal Length [3136][0.78N]
# 351 projs (0 pts and 0 merges)
PBA: 6353 3D pts, 14 cams and 24772 projs...
PBA: 3.259 -> 2.401 (31 LMs in 1.19sec)
#points w/ large errors:	48
Focal Length : [3136.000]->[3303.240]
Radial Distortion : [-0.026 -> -20]

#############################
#15: [IMG_2423] sees 597 (+2644) 3D points
Focal Length in EXIF  [3136.000]
Estimated Focal Length [3136][0.78N]
# 218 projs (0 pts and 0 merges)
PBA: 6339 3D pts, 15 cams and 24890 projs...
PBA: 3.206 -> 2.397 (19 LMs in 0.78sec)
#points w/ large errors:	47
Focal Length : [3136.000]->[3312.370]
Radial Distortion : [-0.024 -> -19]

#############################
#16: [IMG_2408] sees 1806 (+1793) 3D points
Focal Length in EXIF  [3136.000]
Estimated Focal Length [3136][0.78N]
# 2812 projs (836 pts and 9 merges)
PBA: 7604 3D pts, 16 cams and 28446 projs...
PBA: 4.763 -> 2.367 (25 LMs in 1.26sec)
#points w/ large errors:	109

**************************************
#16/16:  12852 projs and 4559 pts added.
PBA: 19151 3D pts, 16 cams and 53876 projs...
PBA: 7.627 -> 2.221 (21 LMs in 1.95sec)
#points w/ large errors:	86
PBA: 19065 3D pts, 16 cams and 53462 projs...
PBA: 2.163 -> 2.160 (24 LMs in 2.03sec)
#points w/ large errors:	23
Focal Length : [3136.000]->[3223.316]
Radial Distortion : [-0.023 -> -19]

#############################
#17: [IMG_2407] sees 1273 (+1717) 3D points
Focal Length in EXIF  [3136.000]
Estimated Focal Length [3136][0.78N]
# 2771 projs (918 pts and 3 merges)
PBA: 9382 3D pts, 17 cams and 34964 projs...
PBA: 4.785 -> 2.815 (25 LMs in 1.47sec)
#points w/ large errors:	538
Focal Length : [3136.000]->[3251.598]
Radial Distortion : [-0.028 -> -22]

#############################
#18: [IMG_2406] sees 1697 (+2347) 3D points
Focal Length in EXIF  [3136.000]
Estimated Focal Length [3136][0.78N]
# 3738 projs (1298 pts and 0 merges)
PBA: 9850 3D pts, 18 cams and 36345 projs...
PBA: 6.576 -> 2.399 (29 LMs in 2.09sec)
#points w/ large errors:	117
Focal Length : [3136.000]->[3283.839]
Radial Distortion : [-0.027 -> -21]

#############################
#19: [IMG_2405] sees 1738 (+2233) 3D points
Focal Length in EXIF  [3136.000]
Estimated Focal Length [3136][0.78N]
# 828 projs (0 pts and 1 merges)
PBA: 8913 3D pts, 19 cams and 35091 projs...
PBA: 4.387 -> 2.504 (28 LMs in 2.16sec)
#points w/ large errors:	89
Focal Length : [3136.000]->[3251.242]
Radial Distortion : [-0.008 -> -6]

#############################
#20: [IMG_2404] sees 859 (+1870) 3D points
Focal Length in EXIF  [3136.000]
Estimated Focal Length [3136][0.78N]
# 3106 projs (1215 pts and 0 merges)
PBA: 10106 3D pts, 20 cams and 38023 projs...
PBA: 7.362 -> 2.544 (20 LMs in 1.66sec)
#points w/ large errors:	73
Focal Length : [3136.000]->[3246.308]
Radial Distortion : [-0.044 -> -35]

#############################
#21: [IMG_2403] sees 1262 (+1996) 3D points
Focal Length in EXIF  [3136.000]
Estimated Focal Length [3136][0.78N]
# 630 projs (0 pts and 1 merges)
SKIP: 0 cams, 81 points, 303 projs
PBA: 21197 3D pts, 20 cams and 60692 projs...
PBA: 2.635 -> 1.899 (5 LMs in 0.54sec)
#points w/ large errors:	152

**************************************
#21/21:  7119 projs and 2561 pts added.
PBA: 23547 3D pts, 21 cams and 66635 projs...
PBA: 3.268 -> 2.196 (31 LMs in 2.53sec)
#points w/ large errors:	93
PBA: 23454 3D pts, 21 cams and 66325 projs...
PBA: 2.159 -> 2.157 (21 LMs in 1.90sec)
#points w/ large errors:	8
Focal Length : [3136.000]->[3259.474]
Radial Distortion : [-0.017 -> -14]

#############################
#22: [IMG_2402] sees 1486 (+1662) 3D points
Focal Length in EXIF  [3136.000]
Estimated Focal Length [3136][0.78N]
# 710 projs (0 pts and 0 merges)
SKIP: 0 cams, 1282 points, 2389 projs
PBA: 22019 3D pts, 20 cams and 64152 projs...
PBA: 3.345 -> 2.278 (5 LMs in 0.26sec)
#points w/ large errors:	390
Focal Length : [3136.000]->[3239.714]
Radial Distortion : [-0.010 -> -8]

#############################
#23: [IMG_2401] sees 903 (+2693) 3D points
Focal Length in EXIF  [3136.000]
Estimated Focal Length [3136][0.78N]
# 465 projs (0 pts and 0 merges)
SKIP: 0 cams, 2364 points, 5217 projs
PBA: 20950 3D pts, 20 cams and 61784 projs...
PBA: 2.690 -> 2.055 (5 LMs in 0.36sec)
#points w/ large errors:	130
Focal Length : [3136.000]->[3237.528]
Radial Distortion : [-0.028 -> -23]

#############################
#24: [IMG_2400] sees 501 (+2809) 3D points
Focal Length in EXIF  [3136.000]
Estimated Focal Length [3136][0.78N]
# 286 projs (0 pts and 0 merges)
SKIP: 0 cams, 2956 points, 5754 projs
PBA: 20364 3D pts, 20 cams and 60270 projs...
PBA: 2.263 -> 2.031 (5 LMs in 0.45sec)
#points w/ large errors:	58
Focal Length : [3136.000]->[3230.036]
Radial Distortion : [-0.038 -> -30]

#############################
#25: [IMG_2399] sees 373 (+3185) 3D points
Focal Length in EXIF  [3136.000]
Estimated Focal Length [3136][0.78N]
# 180 projs (0 pts and 0 merges)
SKIP: 0 cams, 5018 points, 10555 projs
PBA: 18302 3D pts, 20 cams and 55173 projs...
PBA: 2.189 -> 2.081 (5 LMs in 0.67sec)
#points w/ large errors:	35
Focal Length : [3136.000]->[3217.733]
Radial Distortion : [-0.045 -> -36]

#############################
#26: [IMG_2424] sees 1357 (+1595) 3D points
Focal Length in EXIF  [3136.000]
Estimated Focal Length [3136][0.78N]
# 489 projs (0 pts and 1 merges)
PBA: 9976 3D pts, 26 cams and 40548 projs...
PBA: 4.109 -> 2.593 (25 LMs in 1.58sec)
#points w/ large errors:	96
Focal Length : [3136.000]->[3360.744]
Radial Distortion : [-0.015 -> -12]

#############################
#27: [IMG_2425] sees 1182 (+1913) 3D points
Focal Length in EXIF  [3136.000]
Estimated Focal Length [3136][0.78N]
# 466 projs (0 pts and 0 merges)
SKIP: 0 cams, 7247 points, 16366 projs
PBA: 15878 3D pts, 20 cams and 49512 projs...
PBA: 2.923 -> 2.094 (5 LMs in 0.46sec)
#points w/ large errors:	38

**************************************
#27/27:  17668 projs and 6432 pts added.
PBA: 28671 3D pts, 27 cams and 82363 projs...
PBA: 5.403 -> 2.462 (25 LMs in 5.18sec)
#points w/ large errors:	87
PBA: 28584 3D pts, 27 cams and 81922 projs...
PBA: 2.426 -> 2.425 (21 LMs in 4.12sec)
#points w/ large errors:	15
Focal Length : [3136.000]->[3332.435]
Radial Distortion : [-0.030 -> -22]

#############################
#28: [IMG_2426] sees 1678 (+1620) 3D points
Focal Length in EXIF  [3136.000]
Estimated Focal Length [3136][0.78N]
# 812 projs (0 pts and 1 merges)
SKIP: 0 cams, 8682 points, 21809 projs
PBA: 19899 3D pts, 20 cams and 60743 projs...
PBA: 4.027 -> 2.992 (5 LMs in 0.25sec)
#points w/ large errors:	828
Focal Length : [3136.000]->[3291.699]
Radial Distortion : [-0.058 -> -45]

#############################
#29: [IMG_2427] sees 1138 (+2072) 3D points
Focal Length in EXIF  [3136.000]
Estimated Focal Length [3136][0.78N]
# 545 projs (0 pts and 0 merges)
SKIP: 0 cams, 10733 points, 28476 projs
PBA: 17846 3D pts, 20 cams and 54530 projs...
PBA: 3.224 -> 2.564 (5 LMs in 0.36sec)
#points w/ large errors:	192
Focal Length : [3136.000]->[3298.802]
Radial Distortion : [-0.012 -> -9]

#############################
#30: [IMG_2428] sees 984 (+2934) 3D points
Focal Length in EXIF  [3136.000]
Estimated Focal Length [3136][0.78N]
# 398 projs (0 pts and 0 merges)
SKIP: 0 cams, 11883 points, 29379 projs
PBA: 16698 3D pts, 20 cams and 51113 projs...
PBA: 2.825 -> 2.461 (5 LMs in 0.76sec)
#points w/ large errors:	94
Focal Length : [3136.000]->[3311.482]
Radial Distortion : [-0.030 -> -23]

#############################
#31: [IMG_2429] sees 560 (+2326) 3D points
Focal Length in EXIF  [3136.000]
Estimated Focal Length [3136][0.78N]
# 200 projs (0 pts and 0 merges)
SKIP: 0 cams, 13120 points, 32511 projs
PBA: 15461 3D pts, 20 cams and 47361 projs...
PBA: 2.668 -> 2.429 (5 LMs in 0.71sec)
#points w/ large errors:	70
Focal Length : [3136.000]->[3406.355]
Radial Distortion : [-0.054 -> -39]

#############################
#32: [IMG_2430] sees 397 (+2607) 3D points
Focal Length in EXIF  [3136.000]
Estimated Focal Length [3136][0.78N]
# 189 projs (0 pts and 0 merges)
PBA: 11785 3D pts, 32 cams and 48118 projs...
PBA: 2.852 -> 2.655 (24 LMs in 4.10sec)
#points w/ large errors:	123
Focal Length : [3136.000]->[3350.280]
Radial Distortion : [-0.004 -> -3]

#############################
#33: [IMG_2398] sees 1902 (+3549) 3D points
Focal Length in EXIF  [3136.000]
Estimated Focal Length [3136][0.78N]
# 3974 projs (1371 pts and 1 merges)
SKIP: 0 cams, 13376 points, 35735 projs
PBA: 15172 3D pts, 20 cams and 47305 projs...
PBA: 4.815 -> 2.330 (5 LMs in 0.72sec)
#points w/ large errors:	41
Focal Length : [3136.000]->[3234.381]
Radial Distortion : [-0.019 -> -15]

#############################
#34: [IMG_2397] sees 2014 (+2311) 3D points
Focal Length in EXIF  [3136.000]
Estimated Focal Length [3136][0.78N]
# 3491 projs (1149 pts and 1 merges)
SKIP: 0 cams, 14120 points, 37714 projs
PBA: 15395 3D pts, 20 cams and 48273 projs...
PBA: 4.337 -> 2.270 (5 LMs in 0.59sec)
#points w/ large errors:	42

**************************************
#34/34:  18113 projs and 6135 pts added.
PBA: 34363 3D pts, 34 cams and 99886 projs...
PBA: 10.560 -> 3.167 (31 LMs in 4.65sec)
#points w/ large errors:	259
PBA: 34104 3D pts, 34 cams and 98386 projs...
PBA: 3.047 -> 3.039 (16 LMs in 2.62sec)
#points w/ large errors:	50
Focal Length : [3136.000]->[3237.542]
Radial Distortion : [-0.022 -> -18]

#############################
#35: [IMG_2396] sees 2138 (+1877) 3D points
Focal Length in EXIF  [3136.000]
Estimated Focal Length [3136][0.78N]
# 1045 projs (0 pts and 0 merges)
SKIP: 0 cams, 15248 points, 39872 projs
PBA: 19015 3D pts, 20 cams and 59357 projs...
PBA: 5.109 -> 4.051 (5 LMs in 0.39sec)
#points w/ large errors:	1300
Focal Length : [3136.000]->[3230.091]
Radial Distortion : [-0.020 -> -16]

#############################
#36: [IMG_2395] sees 1533 (+2809) 3D points
Focal Length in EXIF  [3136.000]
Estimated Focal Length [3136][0.78N]
# 4333 projs (1556 pts and 0 merges)
SKIP: 0 cams, 15957 points, 47675 projs
PBA: 18336 3D pts, 20 cams and 55673 projs...
PBA: 4.137 -> 2.307 (5 LMs in 0.77sec)
#points w/ large errors:	179
Focal Length : [3136.000]->[3245.818]
Radial Distortion : [-0.011 -> -9]

#############################
#37: [IMG_2394] sees 2329 (+2083) 3D points
Focal Length in EXIF  [3136.000]
Estimated Focal Length [3136][0.78N]
# 4074 projs (1393 pts and 2 merges)
SKIP: 0 cams, 16604 points, 45458 projs
PBA: 18723 3D pts, 20 cams and 56780 projs...
PBA: 4.488 -> 2.240 (5 LMs in 0.59sec)
#points w/ large errors:	77
Focal Length : [3136.000]->[3269.132]
Radial Distortion : [-0.023 -> -18]

#############################
#38: [IMG_2393] sees 2807 (+2329) 3D points
Focal Length in EXIF  [3136.000]
Estimated Focal Length [3136][0.78N]
# 4154 projs (1282 pts and 1 merges)
SKIP: 0 cams, 17975 points, 49276 projs
PBA: 18447 3D pts, 20 cams and 56204 projs...
PBA: 5.570 -> 2.289 (5 LMs in 0.44sec)
#points w/ large errors:	81
Focal Length : [3136.000]->[3246.235]
Radial Distortion : [-0.013 -> -10]

#############################
#39: [IMG_2392] sees 2004 (+2331) 3D points
Focal Length in EXIF  [3136.000]
Estimated Focal Length [3136][0.78N]
# 3954 projs (1321 pts and 3 merges)
PBA: 17435 3D pts, 39 cams and 68239 projs...
PBA: 6.048 -> 2.556 (33 LMs in 6.42sec)
#points w/ large errors:	190
Focal Length : [3136.000]->[3290.072]
Radial Distortion : [-0.027 -> -21]

#############################
#40: [IMG_2391] sees 1577 (+2796) 3D points
Focal Length in EXIF  [3136.000]
Estimated Focal Length [3136][0.78N]
# 3503 projs (1212 pts and 0 merges)
SKIP: 0 cams, 19560 points, 54634 projs
PBA: 18822 3D pts, 20 cams and 57016 projs...
PBA: 5.479 -> 2.155 (5 LMs in 0.78sec)
#points w/ large errors:	86
Focal Length : [3136.000]->[3286.039]
Radial Distortion : [-0.026 -> -20]

#############################
#41: [IMG_2390] sees 1937 (+3419) 3D points
Focal Length in EXIF  [3136.000]
Estimated Focal Length [3136][0.78N]
# 3949 projs (1322 pts and 1 merges)
SKIP: 0 cams, 20597 points, 57384 projs
PBA: 18892 3D pts, 20 cams and 57472 projs...
PBA: 5.014 -> 2.618 (5 LMs in 0.37sec)
#points w/ large errors:	77
Focal Length : [3136.000]->[3215.598]
Radial Distortion : [0.004 -> 3]

#############################
#42: [IMG_2389] sees 1025 (+1960) 3D points
Focal Length in EXIF  [3136.000]
Estimated Focal Length [3136][0.78N]
# 489 projs (0 pts and 0 merges)
SKIP: 0 cams, 21378 points, 59177 projs
PBA: 18025 3D pts, 20 cams and 55443 projs...
PBA: 3.553 -> 2.607 (5 LMs in 0.98sec)
#points w/ large errors:	351
Focal Length : [3136.000]->[3244.907]
Radial Distortion : [-0.018 -> -14]

#############################
#43: [IMG_2388] sees 458 (+2641) 3D points
Focal Length in EXIF  [3136.000]
Estimated Focal Length [3136][0.78N]
# 232 projs (0 pts and 0 merges)
SKIP: 0 cams, 22524 points, 62320 projs
PBA: 16934 3D pts, 20 cams and 52285 projs...
PBA: 2.539 -> 2.321 (5 LMs in 0.36sec)
#points w/ large errors:	110

**************************************
#43/43:  11745 projs and 3968 pts added.
PBA: 42754 3D pts, 43 cams and 124493 projs...
PBA: 4.787 -> 2.623 (23 LMs in 10.91sec)
#points w/ large errors:	234
PBA: 42520 3D pts, 43 cams and 123610 projs...
PBA: 2.561 -> 2.554 (36 LMs in 4.16sec)
#points w/ large errors:	51
Focal Length : [3136.000]->[3253.657]
Radial Distortion : [-0.021 -> -16]

#############################
#44: [IMG_2387] sees 1317 (+1889) 3D points
Focal Length in EXIF  [3136.000]
Estimated Focal Length [3136][0.78N]
# 2050 projs (600 pts and 0 merges)
SKIP: 0 cams, 22977 points, 63750 projs
PBA: 20011 3D pts, 20 cams and 61776 projs...
PBA: 4.928 -> 3.508 (5 LMs in 0.94sec)
#points w/ large errors:	1057
Radial Distortion : [0.040 -> 30]
# 242 projs (61 pts and 2 merges)
SKIP: 0 cams, 23975 points, 67787 projs
PBA: 19029 3D pts, 20 cams and 57834 projs...
PBA: 2.829 -> 2.408 (5 LMs in 0.48sec)
Focal Length : [3136.000]->[3304.912]
Radial Distortion : [0.036 -> 26]

#############################
#45: [IMG_2386] sees 1155 (+2112) 3D points
Focal Length in EXIF  [3136.000]
Estimated Focal Length [3136][0.78N]
# 546 projs (0 pts and 0 merges)
SKIP: 0 cams, 24791 points, 65909 projs
PBA: 18102 3D pts, 20 cams and 55820 projs...
PBA: 3.350 -> 2.456 (5 LMs in 0.80sec)
#points w/ large errors:	327
Focal Length : [3136.000]->[3302.214]
Radial Distortion : [-0.009 -> -7]

#############################
#46: [IMG_2385] sees 553 (+3231) 3D points
Focal Length in EXIF  [3136.000]
Estimated Focal Length [3136][0.78N]
# 337 projs (0 pts and 0 merges)
SKIP: 0 cams, 25702 points, 68797 projs
PBA: 17197 3D pts, 20 cams and 53273 projs...
PBA: 2.492 -> 2.196 (5 LMs in 0.35sec)
#points w/ large errors:	97
Focal Length : [3136.000]->[3271.525]
Radial Distortion : [0.003 -> 2]

#############################
#47: [IMG_2384] sees 260 (+2662) 3D points
Focal Length in EXIF  [3136.000]
Estimated Focal Length [3136][0.78N]
# 130 projs (0 pts and 0 merges)
SKIP: 2 cams, 26474 points, 69953 projs
PBA: 16434 3D pts, 20 cams and 51087 projs...
PBA: 2.351 -> 2.159 (5 LMs in 0.70sec)
#points w/ large errors:	51
Focal Length : [3136.000]->[3275.586]
Radial Distortion : [0.001 -> 0]

#############################
#48: [IMG_2431] sees 1209 (+2755) 3D points
Focal Length in EXIF  [3136.000]
Estimated Focal Length [3136][0.78N]
# 3546 projs (1239 pts and 0 merges)
PBA: 19503 3D pts, 48 cams and 77672 projs...
PBA: 4.722 -> 2.608 (35 LMs in 5.76sec)
#points w/ large errors:	197
Focal Length : [3136.000]->[3362.372]
Radial Distortion : [-0.002 -> -2]

#############################
#49: [IMG_2432] sees 1865 (+2369) 3D points
Focal Length in EXIF  [3136.000]
Estimated Focal Length [3136][0.78N]
# 702 projs (0 pts and 1 merges)
SKIP: 5 cams, 29072 points, 82221 projs
PBA: 13477 3D pts, 20 cams and 41739 projs...
PBA: 3.579 -> 2.381 (5 LMs in 0.34sec)
#points w/ large errors:	111
Focal Length : [3136.000]->[3346.510]
Radial Distortion : [-0.049 -> -37]

#############################
#50: [IMG_2433] sees 1058 (+2480) 3D points
Focal Length in EXIF  [3136.000]
Estimated Focal Length [3136][0.78N]
# 2933 projs (1111 pts and 5 merges)
SKIP: 3 cams, 28055 points, 79518 projs
PBA: 15046 3D pts, 20 cams and 46799 projs...
PBA: 5.226 -> 2.635 (5 LMs in 0.44sec)
#points w/ large errors:	85
Radial Distortion : [0.025 -> 17]
# 909 projs (374 pts and 5 merges)
SKIP: 3 cams, 28055 points, 79471 projs
PBA: 15332 3D pts, 20 cams and 47394 projs...
PBA: 4.364 -> 3.188 (5 LMs in 1.49sec)
Focal Length : [3136.000]->[3423.261]
Radial Distortion : [0.020 -> 14]

#############################
#51: [IMG_2434] sees 2517 (+2094) 3D points
Focal Length in EXIF  [3136.000]
Estimated Focal Length [3136][0.78N]
# 863 projs (0 pts and 1 merges)
SKIP: 6 cams, 29559 points, 83963 projs
PBA: 13515 3D pts, 20 cams and 42789 projs...
PBA: 4.506 -> 3.027 (5 LMs in 0.53sec)
#points w/ large errors:	405
Focal Length : [3136.000]->[3372.714]
Radial Distortion : [0.014 -> 10]

#############################
#52: [IMG_2383] sees 206 (+3591) 3D points
Focal Length in EXIF  [3136.000]
Estimated Focal Length [3136][0.78N]
# 116 projs (0 pts and 0 merges)
SKIP: 6 cams, 28397 points, 79004 projs
PBA: 14864 3D pts, 20 cams and 48154 projs...
PBA: 2.539 -> 2.307 (5 LMs in 0.49sec)
#points w/ large errors:	199
Focal Length : [3136.000]->[3327.130]
Radial Distortion : [-0.009 -> -7]

#############################
#53: [IMG_2382] sees 112 (+3922) 3D points
Focal Length in EXIF  [3136.000]
Estimated Focal Length [3136][0.78N]
# 64 projs (0 pts and 0 merges)
PBA: 18906 3D pts, 53 cams and 77748 projs...
PBA: 2.555 -> 2.494 (31 LMs in 5.33sec)
#points w/ large errors:	83
Focal Length : [3136.000]->[3297.564]
Radial Distortion : [0.002 -> 1]
Resuming SfM finished, 106 sec used

---------------------------------------------------
53 cams, 43827 pts (3+: 18859)
126294 projections (3+: 77559)
---------------------------------------------------
1 model(s) reconstructed from 146 images;
53 modeled; 0 reused; 146 EXIF; 
26MB(22) used to store feature location.
---------------------------------------------------

########-------timing------#########
Structure-From-Motion finished, 107 sec used
104.0(86.1) seconds on Bundle Adjustment (+)
101.9(84.6) seconds on Bundle Adjustment (*)
#############################
----------------------------------------------------------------
Run full 3D reconstruction, aborted
Totally 107.000 seconds used


Run dense reconstruction, begin...
Save to dense.nvm ... done

#############################
Undistorting 53 images in model #0
param_undistortion_thread_num = 0
NOTE: using 8 threads...
#00: IMG_2409 -> 00000000.jpg, 2.735 sec
#06: IMG_2419 -> 00000010.jpg, 2.744 sec
#04: IMG_2420 -> 00000011.jpg, 2.775 sec
#05: IMG_2417 -> 00000008.jpg, 2.800 sec
#02: IMG_2413 -> 00000004.jpg, 2.853 sec
#03: IMG_2416 -> 00000007.jpg, 2.875 sec
#01: IMG_2411 -> 00000002.jpg, 2.883 sec
#07: IMG_2415 -> 00000006.jpg, 2.906 sec
#04: IMG_2421 -> 00000012.jpg, 2.681 sec
#06: IMG_2422 -> 00000013.jpg, 2.726 sec
#00: IMG_2410 -> 00000001.jpg, 2.735 sec
#05: IMG_2418 -> 00000009.jpg, 2.696 sec
#03: IMG_2408 -> 00000015.jpg, 2.809 sec
#07: IMG_2406 -> 00000017.jpg, 2.868 sec
#02: IMG_2414 -> 00000005.jpg, 2.922 sec
#01: IMG_2412 -> 00000003.jpg, 2.942 sec
#06: IMG_2423 -> 00000014.jpg, 5.230 sec
#04: IMG_2404 -> 00000019.jpg, 5.460 sec
#05: IMG_2400 -> 00000023.jpg, 5.422 sec
#00: IMG_2402 -> 00000021.jpg, 6.187 sec
#03: IMG_2407 -> 00000016.jpg, 5.996 sec
#07: IMG_2405 -> 00000018.jpg, 5.999 sec
#02: IMG_2424 -> 00000025.jpg, 6.011 sec
#01: IMG_2426 -> 00000027.jpg, 6.119 sec
#06: IMG_2428 -> 00000029.jpg, 6.192 sec
#04: IMG_2403 -> 00000020.jpg, 6.054 sec
#05: IMG_2399 -> 00000024.jpg, 6.220 sec
#00: IMG_2401 -> 00000022.jpg, 6.541 sec
#07: IMG_2397 -> 00000033.jpg, 7.079 sec
#03: IMG_2430 -> 00000031.jpg, 7.193 sec
#02: IMG_2425 -> 00000026.jpg, 7.195 sec
#01: IMG_2427 -> 00000028.jpg, 7.228 sec
#04: IMG_2395 -> 00000035.jpg, 6.104 sec
#06: IMG_2429 -> 00000030.jpg, 6.337 sec
#05: IMG_2393 -> 00000037.jpg, 6.088 sec
#00: IMG_2391 -> 00000039.jpg, 5.820 sec
#03: IMG_2398 -> 00000032.jpg, 5.866 sec
#07: IMG_2396 -> 00000034.jpg, 5.953 sec
#02: IMG_2389 -> 00000041.jpg, 6.015 sec
#01: IMG_2387 -> 00000043.jpg, 6.878 sec
#04: IMG_2394 -> 00000036.jpg, 5.532 sec
#06: IMG_2385 -> 00000045.jpg, 5.549 sec
#05: IMG_2392 -> 00000038.jpg, 5.703 sec
#03: IMG_2431 -> 00000047.jpg, 5.642 sec
#00: IMG_2390 -> 00000040.jpg, 6.519 sec
#02: IMG_2388 -> 00000042.jpg, 5.551 sec
#07: IMG_2433 -> 00000049.jpg, 6.559 sec
#01: IMG_2386 -> 00000044.jpg, 5.536 sec
#04: IMG_2383 -> 00000051.jpg, 4.700 sec
#06: IMG_2384 -> 00000046.jpg, 4.597 sec
#03: IMG_2432 -> 00000048.jpg, 4.127 sec
#07: IMG_2434 -> 00000050.jpg, 4.923 sec
#04: IMG_2382 -> 00000052.jpg, 5.024 sec
----------------------------------------------------------------
Running Yasutaka Furukawa's CMVS tool...
cmvs C:\Users\Chris\Desktop\pile\dense.nvm.cmvs\00\ 50 8
genOption C:\Users\Chris\Desktop\pile\dense.nvm.cmvs\00\ 1 2 0.700000 7 3 8
1 cluster is generated for pmvs reconstruction.
pmvs2 C:\Users\Chris\Desktop\pile\dense.nvm.cmvs\00\ option-0000
This may take a little more time, waiting...
1420 seconds were used by PMVS
Loading option-0000.ply, 1531679 vertices ...

#############################
You can manually remove bad MVS points:
1. Switch to dense MVS points mode;
2. Hit F1 key to enter the selection mode;
3. Select points by dragging a rectangle;
4. Hit DELETE to delete the selected points.

#############################
Save to dense.nvm ... done
Save C:\Users\Chris\Desktop\pile\dense.0.ply ...done
----------------------------------------------------------------
Run dense reconstruction, finished
Totally 24.800 minutes used

0: IMG_2331
image_size:	4032x3024
focal_length:	3136.000
1: IMG_2332
image_size:	4032x3024
focal_length:	3136.000
2: IMG_2333
image_size:	4032x3024
focal_length:	3136.000
3: IMG_2334
image_size:	4032x3024
focal_length:	3136.000
4: IMG_2335
image_size:	4032x3024
focal_length:	3136.000
5: IMG_2336
image_size:	4032x3024
focal_length:	3136.000
6: IMG_2337
image_size:	4032x3024
focal_length:	3136.000
7: IMG_2338
image_size:	4032x3024
focal_length:	3136.000
8: IMG_2339
image_size:	4032x3024
focal_length:	3136.000
9: IMG_2340
image_size:	4032x3024
focal_length:	3136.000
10: IMG_2341
image_size:	4032x3024
focal_length:	3136.000
11: IMG_2342
image_size:	4032x3024
focal_length:	3136.000
12: IMG_2343
image_size:	4032x3024
focal_length:	3136.000
13: IMG_2344
image_size:	4032x3024
focal_length:	3136.000
14: IMG_2345
image_size:	4032x3024
focal_length:	3136.000
15: IMG_2346
image_size:	4032x3024
focal_length:	3136.000
16: IMG_2347
image_size:	4032x3024
focal_length:	3136.000
17: IMG_2348
image_size:	4032x3024
focal_length:	3136.000
18: IMG_2349
image_size:	4032x3024
focal_length:	3136.000
19: IMG_2350
image_size:	4032x3024
focal_length:	3136.000
20: IMG_2351
image_size:	4032x3024
focal_length:	3136.000
21: IMG_2352
image_size:	4032x3024
focal_length:	3136.000
22: IMG_2353
image_size:	4032x3024
focal_length:	3136.000
23: IMG_2354
image_size:	4032x3024
focal_length:	3136.000
24: IMG_2355
image_size:	4032x3024
focal_length:	3136.000
25: IMG_2356
image_size:	4032x3024
focal_length:	3136.000
26: IMG_2357
image_size:	4032x3024
focal_length:	3136.000
27: IMG_2358
image_size:	4032x3024
focal_length:	3136.000
28: IMG_2359
image_size:	4032x3024
focal_length:	3136.000
29: IMG_2360
image_size:	4032x3024
focal_length:	3136.000
30: IMG_2361
image_size:	4032x3024
focal_length:	3136.000
31: IMG_2362
image_size:	4032x3024
focal_length:	3136.000
32: IMG_2363
image_size:	4032x3024
focal_length:	3136.000
33: IMG_2364
image_size:	4032x3024
focal_length:	3136.000
34: IMG_2365
image_size:	4032x3024
focal_length:	3136.000
35: IMG_2366
image_size:	4032x3024
focal_length:	3136.000
36: IMG_2367
image_size:	4032x3024
focal_length:	3136.000
37: IMG_2368
image_size:	4032x3024
focal_length:	3136.000
38: IMG_2369
image_size:	4032x3024
focal_length:	3136.000
39: IMG_2370
image_size:	4032x3024
focal_length:	3136.000
40: IMG_2371
image_size:	4032x3024
focal_length:	3136.000
41: IMG_2372
image_size:	4032x3024
focal_length:	3136.000
**************************************
Change the number of pixel-loaded images by 
modifying param_visual_data_budget in nv.ini
Use the PAUSE button to skip the pixel loading
**************************************
Loading image pixel data ...