0: IMG_2373
image_size:	4032x3024
focal_length:	3136.000
#sift count:	7717

1: IMG_2374
image_size:	4032x3024
focal_length:	3136.000
#sift count:	11779

2: IMG_2375
image_size:	4032x3024
focal_length:	3136.000
#sift count:	8256

3: IMG_2376
image_size:	4032x3024
focal_length:	3136.000
#sift count:	9255

4: IMG_2377
image_size:	4032x3024
focal_length:	3136.000
#sift count:	7981

5: IMG_2378
image_size:	4032x3024
focal_length:	3136.000
#sift count:	7997

6: IMG_2379
image_size:	4032x3024
focal_length:	3136.000
#sift count:	7876

7: IMG_2380
image_size:	4032x3024
focal_length:	3136.000
#sift count:	8145

8: IMG_2381
image_size:	4032x3024
focal_length:	3136.000
#sift count:	12042

9: IMG_2382
image_size:	4032x3024
focal_length:	3136.000
#sift count:	10662

10: IMG_2383
image_size:	4032x3024
focal_length:	3136.000
#sift count:	10662

11: IMG_2384
image_size:	4032x3024
focal_length:	3136.000
#sift count:	8290

12: IMG_2385
image_size:	4032x3024
focal_length:	3136.000
#sift count:	11835

13: IMG_2386
image_size:	4032x3024
focal_length:	3136.000
#sift count:	11545

14: IMG_2387
image_size:	4032x3024
focal_length:	3136.000
#sift count:	10157

15: IMG_2388
image_size:	4032x3024
focal_length:	3136.000
#sift count:	8506

16: IMG_2389
image_size:	4032x3024
focal_length:	3136.000
#sift count:	8329

17: IMG_2390
image_size:	4032x3024
focal_length:	3136.000
#sift count:	12214

18: IMG_2391
image_size:	4032x3024
focal_length:	3136.000
#sift count:	11742

19: IMG_2392
image_size:	4032x3024
focal_length:	3136.000
#sift count:	12022

20: IMG_2393
image_size:	4032x3024
focal_length:	3136.000
#sift count:	12543

21: IMG_2394
image_size:	4032x3024
focal_length:	3136.000
#sift count:	7754

22: IMG_2395
image_size:	4032x3024
focal_length:	3136.000
#sift count:	8151

23: IMG_2396
image_size:	4032x3024
focal_length:	3136.000
#sift count:	8007

24: IMG_2397
image_size:	4032x3024
focal_length:	3136.000
#sift count:	8162

25: IMG_2398
image_size:	4032x3024
focal_length:	3136.000
#sift count:	12657

26: IMG_2399
image_size:	4032x3024
focal_length:	3136.000
#sift count:	8777

27: IMG_2400
image_size:	4032x3024
focal_length:	3136.000
#sift count:	9036

28: IMG_2401
image_size:	4032x3024
focal_length:	3136.000
#sift count:	8853

29: IMG_2402
image_size:	4032x3024
focal_length:	3136.000
#sift count:	9347

30: IMG_2403
image_size:	4032x3024
focal_length:	3136.000
#sift count:	7915

31: IMG_2404
image_size:	4032x3024
focal_length:	3136.000
#sift count:	7765

32: IMG_2405
image_size:	4032x3024
focal_length:	3136.000
#sift count:	8311

33: IMG_2406
image_size:	4032x3024
focal_length:	3136.000
#sift count:	12519

34: IMG_2407
image_size:	4032x3024
focal_length:	3136.000
#sift count:	8331

35: IMG_2408
image_size:	4032x3024
focal_length:	3136.000
#sift count:	7835

36: IMG_2409
image_size:	4032x3024
focal_length:	3136.000
#sift count:	8123

37: IMG_2410
image_size:	4032x3024
focal_length:	3136.000
#sift count:	7889

38: IMG_2411
image_size:	4032x3024
focal_length:	3136.000
#sift count:	10447

39: IMG_2412
image_size:	4032x3024
focal_length:	3136.000
#sift count:	11072

40: IMG_2413
image_size:	4032x3024
focal_length:	3136.000
#sift count:	11227

41: IMG_2414
image_size:	4032x3024
focal_length:	3136.000
#sift count:	12194

42: IMG_2415
image_size:	4032x3024
focal_length:	3136.000
#sift count:	11745

43: IMG_2416
image_size:	4032x3024
focal_length:	3136.000
#sift count:	11857

44: IMG_2417
image_size:	4032x3024
focal_length:	3136.000
#sift count:	11256

45: IMG_2418
image_size:	4032x3024
focal_length:	3136.000
#sift count:	10236

46: IMG_2419
image_size:	4032x3024
focal_length:	3136.000
#sift count:	11068

47: IMG_2420
image_size:	4032x3024
focal_length:	3136.000
#sift count:	12357

48: IMG_2421
image_size:	4032x3024
focal_length:	3136.000
#sift count:	8265

49: IMG_2422
image_size:	4032x3024
focal_length:	3136.000
#sift count:	8034

50: IMG_2423
image_size:	4032x3024
focal_length:	3136.000
#sift count:	7961

51: IMG_2424
image_size:	4032x3024
focal_length:	3136.000
#sift count:	10575

52: IMG_2425
image_size:	4032x3024
focal_length:	3136.000
#sift count:	7894

53: IMG_2426
image_size:	4032x3024
focal_length:	3136.000
#sift count:	8682

54: IMG_2427
image_size:	4032x3024
focal_length:	3136.000
#sift count:	8995

55: IMG_2428
image_size:	4032x3024
focal_length:	3136.000
#sift count:	8720

56: IMG_2429
image_size:	4032x3024
focal_length:	3136.000
#sift count:	8484

57: IMG_2430
image_size:	4032x3024
focal_length:	3136.000
#sift count:	9344

58: IMG_2431
image_size:	4032x3024
focal_length:	3136.000
#sift count:	8605

59: IMG_2432
image_size:	4032x3024
focal_length:	3136.000
#sift count:	9821

60: IMG_2433
image_size:	4032x3024
focal_length:	3136.000
#sift count:	8946

61: IMG_2434
image_size:	4032x3024
focal_length:	3136.000
#sift count:	8505

62: IMG_2435
image_size:	4032x3024
focal_length:	3136.000
#sift count:	8767

63: IMG_2436
image_size:	4032x3024
focal_length:	3136.000
#sift count:	8787

64: IMG_2437
image_size:	4032x3024
focal_length:	3136.000
#sift count:	8019

65: IMG_2438
image_size:	4032x3024
focal_length:	3136.000
#sift count:	9028

66: IMG_2439
image_size:	4032x3024
focal_length:	3136.000
#sift count:	8540

67: IMG_2440
image_size:	4032x3024
focal_length:	3136.000
#sift count:	8882

68: IMG_2441
image_size:	4032x3024
focal_length:	3136.000
#sift count:	8710

69: IMG_2442
image_size:	4032x3024
focal_length:	3136.000
#sift count:	8259

70: IMG_2443
image_size:	4032x3024
focal_length:	3136.000
#sift count:	8081

71: IMG_2444
image_size:	4032x3024
focal_length:	3136.000
#sift count:	7976

72: IMG_2445
image_size:	4032x3024
focal_length:	3136.000
#sift count:	7793

73: IMG_2446
image_size:	4032x3024
focal_length:	3136.000
#sift count:	11686

74: IMG_2447
image_size:	4032x3024
focal_length:	3136.000
#sift count:	7994

75: IMG_2448
image_size:	4032x3024
focal_length:	3136.000
#sift count:	12500

76: IMG_2449
image_size:	4032x3024
focal_length:	3136.000
#sift count:	8669

77: IMG_2450
image_size:	4032x3024
focal_length:	3136.000
#sift count:	8866

78: IMG_2451
image_size:	4032x3024
focal_length:	3136.000
#sift count:	8832

79: IMG_2452
image_size:	4032x3024
focal_length:	3136.000
#sift count:	8191

80: IMG_2453
image_size:	4032x3024
focal_length:	3136.000
#sift count:	7912

81: IMG_2454
image_size:	4032x3024
focal_length:	3136.000
#sift count:	9006

82: IMG_2455
image_size:	4032x3024
focal_length:	3136.000
#sift count:	9162

83: IMG_2456
image_size:	4032x3024
focal_length:	3136.000
#sift count:	9148

84: IMG_2457
image_size:	4032x3024
focal_length:	3136.000
#sift count:	11736

85: IMG_2458
image_size:	4032x3024
focal_length:	3136.000
#sift count:	8312

86: IMG_2459
image_size:	4032x3024
focal_length:	3136.000
#sift count:	11770

87: IMG_2460
image_size:	4032x3024
focal_length:	3136.000
#sift count:	11718

88: IMG_2461
image_size:	4032x3024
focal_length:	3136.000
#sift count:	9383

89: IMG_2462
image_size:	4032x3024
focal_length:	3136.000
#sift count:	11243

90: IMG_2463
image_size:	4032x3024
focal_length:	3136.000
#sift count:	11373

91: IMG_2464
image_size:	4032x3024
focal_length:	3136.000
#sift count:	11563

92: IMG_2465
image_size:	4032x3024
focal_length:	3136.000
#sift count:	11712

93: IMG_2466
image_size:	4032x3024
focal_length:	3136.000
#sift count:	7739

94: IMG_2467
image_size:	4032x3024
focal_length:	3136.000
#sift count:	8039

95: IMG_2468
image_size:	4032x3024
focal_length:	3136.000
#sift count:	10930

96: IMG_2469
image_size:	4032x3024
focal_length:	3136.000
#sift count:	7871

97: IMG_2470
image_size:	4032x3024
focal_length:	3136.000
#sift count:	7728

98: IMG_2471
image_size:	4032x3024
focal_length:	3136.000
#sift count:	7807

99: IMG_2472
image_size:	4032x3024
focal_length:	3136.000
#sift count:	11563

100: IMG_2473
image_size:	4032x3024
focal_length:	3136.000
#sift count:	11740

101: IMG_2474
image_size:	4032x3024
focal_length:	3136.000
#sift count:	11270

102: IMG_2475
image_size:	4032x3024
focal_length:	3136.000
#sift count:	11895

103: IMG_2476
image_size:	4032x3024
focal_length:	3136.000
#sift count:	9013

104: IMG_2477
image_size:	4032x3024
focal_length:	3136.000
#sift count:	7885

105: IMG_2478
image_size:	4032x3024
focal_length:	3136.000
#sift count:	7880

106: IMG_2479
image_size:	4032x3024
focal_length:	3136.000
#sift count:	10721

107: IMG_2480
image_size:	4032x3024
focal_length:	3136.000
#sift count:	9527

108: IMG_2481
image_size:	4032x3024
focal_length:	3136.000
#sift count:	8492

109: IMG_2482
image_size:	4032x3024
focal_length:	3136.000
#sift count:	11439

110: IMG_2483
image_size:	4032x3024
focal_length:	3136.000
#sift count:	8273

111: IMG_2484
image_size:	4032x3024
focal_length:	3136.000
#sift count:	8253

112: IMG_2485
image_size:	4032x3024
focal_length:	3136.000
#sift count:	10277

113: IMG_2486
image_size:	4032x3024
focal_length:	3136.000
#sift count:	7727

114: IMG_2487
image_size:	4032x3024
focal_length:	3136.000
#sift count:	8915

115: IMG_2488
image_size:	4032x3024
focal_length:	3136.000
#sift count:	8086

116: IMG_2489
image_size:	4032x3024
focal_length:	3136.000
#sift count:	8118

117: IMG_2490
image_size:	4032x3024
focal_length:	3136.000
#sift count:	10869

118: IMG_2491
image_size:	4032x3024
focal_length:	3136.000
#sift count:	11113

119: IMG_2492
image_size:	4032x3024
focal_length:	3136.000
#sift count:	11449

120: IMG_2493
image_size:	4032x3024
focal_length:	3136.000
#sift count:	10742

121: IMG_2494
image_size:	4032x3024
focal_length:	3136.000
#sift count:	11537

122: IMG_2495
image_size:	4032x3024
focal_length:	3136.000
#sift count:	11113

123: IMG_2496
image_size:	4032x3024
focal_length:	3136.000
#sift count:	10712

124: IMG_2497
image_size:	4032x3024
focal_length:	3136.000
#sift count:	8099

125: IMG_2498
image_size:	4032x3024
focal_length:	3136.000
#sift count:	11990

126: IMG_2499
image_size:	4032x3024
focal_length:	3136.000
#sift count:	11301

127: IMG_2500
image_size:	4032x3024
focal_length:	3136.000
#sift count:	8233

128: IMG_2501
image_size:	4032x3024
focal_length:	3136.000
#sift count:	7688

129: IMG_2502
image_size:	4032x3024
focal_length:	3136.000
#sift count:	8288

130: IMG_2503
image_size:	4032x3024
focal_length:	3136.000
#sift count:	8009

131: IMG_2504
image_size:	4032x3024
focal_length:	3136.000
#sift count:	8081

132: IMG_2505
image_size:	4032x3024
focal_length:	3136.000
#sift count:	8471

133: IMG_2506
image_size:	4032x3024
focal_length:	3136.000
#sift count:	8559

134: IMG_2507
image_size:	4032x3024
focal_length:	3136.000
#sift count:	10391

135: IMG_2508
image_size:	4032x3024
focal_length:	3136.000
#sift count:	9623

136: IMG_2509
image_size:	4032x3024
focal_length:	3136.000
#sift count:	9794

137: IMG_2510
image_size:	4032x3024
focal_length:	3136.000
#sift count:	10793

138: IMG_2511
image_size:	4032x3024
focal_length:	3136.000
#sift count:	9733

139: IMG_2512
image_size:	4032x3024
focal_length:	3136.000
#sift count:	9213

140: IMG_2513
image_size:	4032x3024
focal_length:	3136.000
#sift count:	9569

141: IMG_2514
image_size:	4032x3024
focal_length:	3136.000
#sift count:	10856

142: IMG_2515
image_size:	4032x3024
focal_length:	3136.000
#sift count:	9780

143: IMG_2516
image_size:	4032x3024
focal_length:	3136.000
#sift count:	10097

144: IMG_2517
image_size:	4032x3024
focal_length:	3136.000
#sift count:	11744

145: IMG_2518
image_size:	4032x3024
focal_length:	3136.000
#sift count:	8571

**************************************
Change the number of pixel-loaded images by 
modifying param_visual_data_budget in nv.ini
Use the PAUSE button to skip the pixel loading
**************************************
Loading image pixel data ...done in 40s

Run full 3D reconstruction, begin...
369 pairs have two-view models
1020 pairs have fundamental matrices
Initialize with IMG_2409 and IMG_2410
1868 3D points initialized from two images
PBA library version = 105
PBA: 1868 3D pts, 2 cams and 3736 projs...
PBA: 2.694 -> 0.451 (100 LMs in 1.03sec)
Focal Length : [3136.000]->[3019.439]
Focal Length : [3136.000]->[3036.462]

#############################
#3: [IMG_2411] sees 1415 (+2028) 3D points
Focal Length in EXIF  [3136.000]
Estimated Focal Length [3136][0.78N]
# 3586 projs (1227 pts and 0 merges)
PBA: 3070 3D pts, 3 cams and 7272 projs...
PBA: 9.568 -> 0.979 (73 LMs in 0.94sec)

**************************************
#3/3:  3969 projs and 1377 pts added.
PBA: 3185 3D pts, 3 cams and 7585 projs...
PBA: 1.118 -> 1.020 (22 LMs in 0.36sec)
PBA: 3185 3D pts, 3 cams and 7585 projs...
PBA: 1.020 -> 1.020 (6 LMs in 0.07sec)
Focal Length : [3136.000]->[3270.834]
Radial Distortion : [-0.026 -> -20]

#############################
#4: [IMG_2412] sees 1600 (+2424) 3D points
Focal Length in EXIF  [3136.000]
Estimated Focal Length [3136][0.78N]
# 816 projs (0 pts and 0 merges)
PBA: 3082 3D pts, 4 cams and 8195 projs...
PBA: 9.811 -> 1.330 (37 LMs in 0.63sec)
#points w/ large errors:	28
Focal Length : [3136.000]->[3279.318]
Radial Distortion : [-0.029 -> -22]

#############################
#5: [IMG_2413] sees 988 (+3202) 3D points
Focal Length in EXIF  [3136.000]
Estimated Focal Length [3136][0.78N]
# 632 projs (0 pts and 0 merges)
PBA: 3066 3D pts, 5 cams and 8781 projs...
PBA: 5.203 -> 1.515 (39 LMs in 0.53sec)
#points w/ large errors:	12

**************************************
#5/5:  9549 projs and 3847 pts added.
PBA: 6890 3D pts, 5 cams and 17655 projs...
PBA: 2.322 -> 1.366 (35 LMs in 0.66sec)
#points w/ large errors:	2
PBA: 6888 3D pts, 5 cams and 17648 projs...
PBA: 1.364 -> 1.364 (12 LMs in 0.19sec)
Focal Length : [3136.000]->[3297.889]
Radial Distortion : [-0.021 -> -16]

#############################
#6: [IMG_2414] sees 1963 (+2220) 3D points
Focal Length in EXIF  [3136.000]
Estimated Focal Length [3136][0.78N]
# 1013 projs (0 pts and 0 merges)
PBA: 6710 3D pts, 6 cams and 18305 projs...
PBA: 5.364 -> 1.600 (19 LMs in 0.33sec)
#points w/ large errors:	90
Focal Length : [3136.000]->[3195.847]
Radial Distortion : [-0.018 -> -15]

#############################
#7: [IMG_2415] sees 1089 (+3280) 3D points
Focal Length in EXIF  [3136.000]
Estimated Focal Length [3136][0.78N]
# 663 projs (0 pts and 0 merges)
PBA: 6629 3D pts, 7 cams and 18689 projs...
PBA: 4.000 -> 1.581 (22 LMs in 0.44sec)
#points w/ large errors:	29

**************************************
#7/7:  8208 projs and 3230 pts added.
PBA: 9828 3D pts, 7 cams and 26122 projs...
PBA: 4.766 -> 2.101 (26 LMs in 0.64sec)
#points w/ large errors:	39
PBA: 9789 3D pts, 7 cams and 25982 projs...
PBA: 2.060 -> 2.058 (20 LMs in 0.46sec)
#points w/ large errors:	12
Focal Length : [3136.000]->[3236.518]
Radial Distortion : [-0.021 -> -17]

#############################
#8: [IMG_2416] sees 2799 (+2779) 3D points
Focal Length in EXIF  [3136.000]
Estimated Focal Length [3136][0.78N]
# 5629 projs (2010 pts and 4 merges)
PBA: 6507 3D pts, 8 cams and 21018 projs...
PBA: 8.904 -> 2.391 (23 LMs in 0.58sec)
#points w/ large errors:	241
Focal Length : [3136.000]->[3220.210]
Radial Distortion : [-0.021 -> -17]

#############################
#9: [IMG_2417] sees 2134 (+1674) 3D points
Focal Length in EXIF  [3136.000]
Estimated Focal Length [3136][0.78N]
# 3096 projs (867 pts and 1 merges)
PBA: 5909 3D pts, 9 cams and 20934 projs...
PBA: 7.657 -> 2.378 (19 LMs in 0.47sec)
#points w/ large errors:	102

**************************************
#9/9:  3678 projs and 1028 pts added.
PBA: 12176 3D pts, 9 cams and 33554 projs...
PBA: 1.849 -> 1.731 (21 LMs in 0.60sec)
#points w/ large errors:	26
PBA: 12150 3D pts, 9 cams and 33446 projs...
PBA: 1.709 -> 1.708 (23 LMs in 0.49sec)
#points w/ large errors:	5
Focal Length : [3136.000]->[3215.799]
Radial Distortion : [-0.018 -> -15]

#############################
#10: [IMG_2418] sees 1652 (+1696) 3D points
Focal Length in EXIF  [3136.000]
Estimated Focal Length [3136][0.78N]
# 3258 projs (1057 pts and 1 merges)
PBA: 6385 3D pts, 10 cams and 23051 projs...
PBA: 6.991 -> 2.452 (24 LMs in 0.68sec)
#points w/ large errors:	134
Focal Length : [3136.000]->[3217.229]
Radial Distortion : [-0.016 -> -13]

#############################
#11: [IMG_2419] sees 1066 (+1392) 3D points
Focal Length in EXIF  [3136.000]
Estimated Focal Length [3136][0.78N]
# 586 projs (0 pts and 0 merges)
PBA: 5655 3D pts, 11 cams and 21947 projs...
PBA: 5.211 -> 2.475 (18 LMs in 0.37sec)
#points w/ large errors:	97
Focal Length : [3136.000]->[3250.878]
Radial Distortion : [-0.010 -> -8]

#############################
#12: [IMG_2420] sees 541 (+2313) 3D points
Focal Length in EXIF  [3136.000]
Estimated Focal Length [3136][0.78N]
# 301 projs (0 pts and 0 merges)
PBA: 5590 3D pts, 12 cams and 21845 projs...
PBA: 3.309 -> 2.339 (16 LMs in 0.35sec)
#points w/ large errors:	37

**************************************
#12/12:  6005 projs and 2432 pts added.
PBA: 15187 3D pts, 12 cams and 41771 projs...
PBA: 2.431 -> 1.773 (20 LMs in 0.60sec)
#points w/ large errors:	19
PBA: 15168 3D pts, 12 cams and 41690 projs...
PBA: 1.760 -> 1.760 (22 LMs in 0.58sec)
Focal Length : [3136.000]->[3284.537]
Radial Distortion : [-0.022 -> -17]

#############################
#13: [IMG_2421] sees 1452 (+1480) 3D points
Focal Length in EXIF  [3136.000]
Estimated Focal Length [3136][0.78N]
# 480 projs (0 pts and 0 merges)
PBA: 6332 3D pts, 13 cams and 24498 projs...
PBA: 3.803 -> 2.480 (12 LMs in 0.34sec)
#points w/ large errors:	199
Focal Length : [3136.000]->[3399.410]
Radial Distortion : [-0.046 -> -33]

#############################
#14: [IMG_2422] sees 810 (+2310) 3D points
Focal Length in EXIF  [3136.000]
Estimated Focal Length [3136][0.78N]
# 312 projs (0 pts and 0 merges)
PBA: 6270 3D pts, 14 cams and 24471 projs...
PBA: 3.477 -> 2.381 (21 LMs in 0.43sec)
#points w/ large errors:	47
Focal Length : [3136.000]->[3302.431]
Radial Distortion : [-0.032 -> -24]

#############################
#15: [IMG_2423] sees 569 (+2649) 3D points
Focal Length in EXIF  [3136.000]
Estimated Focal Length [3136][0.78N]
# 266 projs (0 pts and 0 merges)
PBA: 6262 3D pts, 15 cams and 24660 projs...
PBA: 2.886 -> 2.358 (20 LMs in 0.37sec)
#points w/ large errors:	32
Focal Length : [3136.000]->[3286.873]
Radial Distortion : [-0.021 -> -16]

#############################
#16: [IMG_2408] sees 1788 (+1794) 3D points
Focal Length in EXIF  [3136.000]
Estimated Focal Length [3136][0.78N]
# 2830 projs (828 pts and 7 merges)
PBA: 7517 3D pts, 16 cams and 28283 projs...
PBA: 3.887 -> 2.354 (37 LMs in 1.09sec)
#points w/ large errors:	84

**************************************
#16/16:  12755 projs and 4530 pts added.
PBA: 19013 3D pts, 16 cams and 53600 projs...
PBA: 8.540 -> 2.219 (34 LMs in 1.78sec)
#points w/ large errors:	90
PBA: 18923 3D pts, 16 cams and 53107 projs...
PBA: 2.147 -> 2.143 (27 LMs in 1.51sec)
#points w/ large errors:	27
Focal Length : [3136.000]->[3236.706]
Radial Distortion : [-0.024 -> -20]

#############################
#17: [IMG_2407] sees 1276 (+1712) 3D points
Focal Length in EXIF  [3136.000]
Estimated Focal Length [3136][0.78N]
# 2792 projs (933 pts and 3 merges)
PBA: 9300 3D pts, 17 cams and 34713 projs...
PBA: 5.641 -> 2.797 (30 LMs in 1.14sec)
#points w/ large errors:	531
Focal Length : [3136.000]->[3258.725]
Radial Distortion : [-0.029 -> -23]

#############################
#18: [IMG_2406] sees 1724 (+2340) 3D points
Focal Length in EXIF  [3136.000]
Estimated Focal Length [3136][0.78N]
# 3665 projs (1245 pts and 14 merges)
PBA: 9725 3D pts, 18 cams and 36047 projs...
PBA: 6.182 -> 2.398 (22 LMs in 1.01sec)
#points w/ large errors:	108
Focal Length : [3136.000]->[3292.552]
Radial Distortion : [-0.028 -> -22]

#############################
#19: [IMG_2405] sees 1729 (+2234) 3D points
Focal Length in EXIF  [3136.000]
Estimated Focal Length [3136][0.78N]
# 892 projs (0 pts and 0 merges)
PBA: 8919 3D pts, 19 cams and 35148 projs...
PBA: 4.374 -> 2.522 (22 LMs in 0.90sec)
#points w/ large errors:	62
Focal Length : [3136.000]->[3262.306]
Radial Distortion : [-0.009 -> -7]

#############################
#20: [IMG_2404] sees 895 (+1845) 3D points
Focal Length in EXIF  [3136.000]
Estimated Focal Length [3136][0.78N]
# 3007 projs (1164 pts and 0 merges)
PBA: 10063 3D pts, 20 cams and 37986 projs...
PBA: 5.829 -> 2.562 (23 LMs in 1.23sec)
#points w/ large errors:	72
Focal Length : [3136.000]->[3257.664]
Radial Distortion : [-0.035 -> -27]

#############################
#21: [IMG_2403] sees 1244 (+2007) 3D points
Focal Length in EXIF  [3136.000]
Estimated Focal Length [3136][0.78N]
# 637 projs (0 pts and 0 merges)
SKIP: 0 cams, 78 points, 299 projs
PBA: 21008 3D pts, 20 cams and 60368 projs...
PBA: 2.689 -> 1.916 (5 LMs in 0.44sec)
#points w/ large errors:	123

**************************************
#21/21:  7158 projs and 2624 pts added.
PBA: 23454 3D pts, 21 cams and 66358 projs...
PBA: 3.713 -> 2.194 (29 LMs in 1.44sec)
#points w/ large errors:	81
PBA: 23373 3D pts, 21 cams and 66095 projs...
PBA: 2.163 -> 2.162 (23 LMs in 0.93sec)
#points w/ large errors:	19
Focal Length : [3136.000]->[3261.549]
Radial Distortion : [-0.017 -> -14]

#############################
#22: [IMG_2402] sees 1478 (+1673) 3D points
Focal Length in EXIF  [3136.000]
Estimated Focal Length [3136][0.78N]
# 2866 projs (970 pts and 0 merges)
SKIP: 0 cams, 1179 points, 2474 projs
PBA: 23056 3D pts, 20 cams and 66357 projs...
PBA: 3.834 -> 2.339 (5 LMs in 0.27sec)
#points w/ large errors:	417
Radial Distortion : [0.018 -> 13]
# 172 projs (50 pts and 0 merges)
SKIP: 0 cams, 1549 points, 3765 projs
PBA: 22705 3D pts, 20 cams and 65158 projs...
PBA: 2.184 -> 2.125 (5 LMs in 0.28sec)
Focal Length : [3136.000]->[3265.302]
Radial Distortion : [0.012 -> 9]

#############################
#23: [IMG_2401] sees 1717 (+2216) 3D points
Focal Length in EXIF  [3136.000]
Estimated Focal Length [3136][0.78N]
# 827 projs (0 pts and 0 merges)
SKIP: 0 cams, 2281 points, 3996 projs
PBA: 21905 3D pts, 20 cams and 64209 projs...
PBA: 3.326 -> 2.237 (5 LMs in 0.25sec)
#points w/ large errors:	249
Focal Length : [3136.000]->[3244.795]
Radial Distortion : [-0.023 -> -19]

#############################
#24: [IMG_2400] sees 843 (+2565) 3D points
Focal Length in EXIF  [3136.000]
Estimated Focal Length [3136][0.78N]
# 553 projs (0 pts and 0 merges)
SKIP: 0 cams, 2906 points, 5915 projs
PBA: 21308 3D pts, 20 cams and 62817 projs...
PBA: 2.638 -> 2.166 (5 LMs in 0.17sec)
#points w/ large errors:	129
Focal Length : [3136.000]->[3231.430]
Radial Distortion : [-0.022 -> -17]

#############################
#25: [IMG_2399] sees 616 (+3027) 3D points
Focal Length in EXIF  [3136.000]
Estimated Focal Length [3136][0.78N]
# 316 projs (0 pts and 0 merges)
SKIP: 0 cams, 5040 points, 10577 projs
PBA: 19175 3D pts, 20 cams and 57652 projs...
PBA: 2.426 -> 2.187 (5 LMs in 0.15sec)
#points w/ large errors:	84
Focal Length : [3136.000]->[3225.485]
Radial Distortion : [-0.028 -> -22]

#############################
#26: [IMG_2398] sees 470 (+3468) 3D points
Focal Length in EXIF  [3136.000]
Estimated Focal Length [3136][0.78N]
# 230 projs (0 pts and 0 merges)
PBA: 10197 3D pts, 26 cams and 41334 projs...
PBA: 2.812 -> 2.645 (28 LMs in 1.72sec)
#points w/ large errors:	89
Focal Length : [3136.000]->[3236.960]
Radial Distortion : [-0.032 -> -26]

#############################
#27: [IMG_2424] sees 1341 (+1595) 3D points
Focal Length in EXIF  [3136.000]
Estimated Focal Length [3136][0.78N]
# 468 projs (0 pts and 0 merges)
SKIP: 0 cams, 7318 points, 15988 projs
PBA: 16753 3D pts, 20 cams and 51814 projs...
PBA: 2.934 -> 2.147 (5 LMs in 0.58sec)
#points w/ large errors:	58

**************************************
#27/27:  16916 projs and 6108 pts added.
PBA: 29115 3D pts, 27 cams and 83470 projs...
PBA: 5.712 -> 2.419 (16 LMs in 2.28sec)
#points w/ large errors:	107
PBA: 29008 3D pts, 27 cams and 83101 projs...
PBA: 2.387 -> 2.383 (22 LMs in 3.26sec)
#points w/ large errors:	34
Focal Length : [3136.000]->[3336.707]
Radial Distortion : [-0.014 -> -11]

#############################
#28: [IMG_2425] sees 1849 (+1479) 3D points
Focal Length in EXIF  [3136.000]
Estimated Focal Length [3136][0.78N]
# 667 projs (0 pts and 0 merges)
SKIP: 0 cams, 6956 points, 17498 projs
PBA: 21983 3D pts, 20 cams and 65916 projs...
PBA: 3.574 -> 2.692 (5 LMs in 0.47sec)
#points w/ large errors:	802
Focal Length : [3136.000]->[3331.208]
Radial Distortion : [-0.026 -> -19]

#############################
#29: [IMG_2426] sees 976 (+2008) 3D points
Focal Length in EXIF  [3136.000]
Estimated Focal Length [3136][0.78N]
# 479 projs (0 pts and 0 merges)
SKIP: 0 cams, 10615 points, 28184 projs
PBA: 18328 3D pts, 20 cams and 55624 projs...
PBA: 2.785 -> 2.270 (5 LMs in 0.76sec)
#points w/ large errors:	105
Focal Length : [3136.000]->[3277.151]
Radial Distortion : [-0.070 -> -54]

#############################
#30: [IMG_2427] sees 682 (+2332) 3D points
Focal Length in EXIF  [3136.000]
Estimated Focal Length [3136][0.78N]
# 330 projs (0 pts and 0 merges)
SKIP: 0 cams, 11690 points, 28557 projs
PBA: 17254 3D pts, 20 cams and 52547 projs...
PBA: 2.591 -> 2.285 (5 LMs in 0.35sec)
#points w/ large errors:	67
Focal Length : [3136.000]->[3323.402]
Radial Distortion : [-0.020 -> -15]

#############################
#31: [IMG_2428] sees 609 (+3130) 3D points
Focal Length in EXIF  [3136.000]
Estimated Focal Length [3136][0.78N]
# 248 projs (0 pts and 0 merges)
SKIP: 0 cams, 12475 points, 30525 projs
PBA: 16468 3D pts, 20 cams and 50439 projs...
PBA: 2.501 -> 2.268 (5 LMs in 0.44sec)
#points w/ large errors:	49
Focal Length : [3136.000]->[3326.333]
Radial Distortion : [-0.031 -> -23]

#############################
#32: [IMG_2429] sees 375 (+2431) 3D points
Focal Length in EXIF  [3136.000]
Estimated Focal Length [3136][0.78N]
# 157 projs (0 pts and 0 merges)
PBA: 11982 3D pts, 32 cams and 49033 projs...
PBA: 2.880 -> 2.635 (16 LMs in 1.33sec)
#points w/ large errors:	87
Focal Length : [3136.000]->[3445.252]
Radial Distortion : [-0.076 -> -53]

#############################
#33: [IMG_2397] sees 1842 (+3139) 3D points
Focal Length in EXIF  [3136.000]
Estimated Focal Length [3136][0.78N]
# 3735 projs (1241 pts and 1 merges)
SKIP: 0 cams, 13237 points, 35400 projs
PBA: 15635 3D pts, 20 cams and 48816 projs...
PBA: 4.233 -> 2.255 (5 LMs in 0.40sec)
#points w/ large errors:	37
Focal Length : [3136.000]->[3241.367]
Radial Distortion : [-0.020 -> -16]

#############################
#34: [IMG_2396] sees 2074 (+1988) 3D points
Focal Length in EXIF  [3136.000]
Estimated Focal Length [3136][0.78N]
# 3352 projs (1045 pts and 1 merges)
SKIP: 0 cams, 14046 points, 37506 projs
PBA: 15718 3D pts, 20 cams and 49566 projs...
PBA: 4.523 -> 2.260 (5 LMs in 0.61sec)
#points w/ large errors:	33

**************************************
#34/34:  17833 projs and 5978 pts added.
PBA: 34572 3D pts, 34 cams and 100910 projs...
PBA: 12.189 -> 3.112 (38 LMs in 5.28sec)
#points w/ large errors:	226
PBA: 34346 3D pts, 34 cams and 99566 projs...
PBA: 3.007 -> 3.002 (22 LMs in 2.95sec)
#points w/ large errors:	50
Focal Length : [3136.000]->[3251.667]
Radial Distortion : [-0.025 -> -20]

#############################
#35: [IMG_2395] sees 2505 (+2321) 3D points
Focal Length in EXIF  [3136.000]
Estimated Focal Length [3136][0.78N]
# 3249 projs (973 pts and 8 merges)
SKIP: 0 cams, 14872 points, 39829 projs
PBA: 20244 3D pts, 20 cams and 62782 projs...
PBA: 6.989 -> 3.886 (5 LMs in 0.44sec)
#points w/ large errors:	1336
Focal Length : [3136.000]->[3235.315]
Radial Distortion : [-0.011 -> -9]

#############################
#36: [IMG_2394] sees 2323 (+2086) 3D points
Focal Length in EXIF  [3136.000]
Estimated Focal Length [3136][0.78N]
# 1018 projs (0 pts and 0 merges)
SKIP: 0 cams, 17180 points, 47671 projs
PBA: 17784 3D pts, 20 cams and 55280 projs...
PBA: 3.735 -> 2.346 (5 LMs in 0.34sec)
#points w/ large errors:	159
Focal Length : [3136.000]->[3249.240]
Radial Distortion : [-0.025 -> -20]

#############################
#37: [IMG_2393] sees 1550 (+3039) 3D points
Focal Length in EXIF  [3136.000]
Estimated Focal Length [3136][0.78N]
# 5273 projs (1897 pts and 6 merges)
SKIP: 0 cams, 16561 points, 45236 projs
PBA: 18838 3D pts, 20 cams and 57906 projs...
PBA: 4.539 -> 2.257 (5 LMs in 0.51sec)
#points w/ large errors:	65
Focal Length : [3136.000]->[3243.679]
Radial Distortion : [-0.019 -> -15]

#############################
#38: [IMG_2392] sees 1944 (+2400) 3D points
Focal Length in EXIF  [3136.000]
Estimated Focal Length [3136][0.78N]
# 3954 projs (1333 pts and 3 merges)
SKIP: 0 cams, 17939 points, 49139 projs
PBA: 18696 3D pts, 20 cams and 57253 projs...
PBA: 5.726 -> 2.303 (5 LMs in 0.16sec)
#points w/ large errors:	80
Focal Length : [3136.000]->[3239.307]
Radial Distortion : [-0.030 -> -24]

#############################
#39: [IMG_2391] sees 1583 (+2796) 3D points
Focal Length in EXIF  [3136.000]
Estimated Focal Length [3136][0.78N]
# 3822 projs (1323 pts and 0 merges)
PBA: 17493 3D pts, 39 cams and 68664 projs...
PBA: 4.732 -> 2.498 (43 LMs in 3.65sec)
#points w/ large errors:	195
Focal Length : [3136.000]->[3274.299]
Radial Distortion : [-0.034 -> -26]

#############################
#40: [IMG_2390] sees 2058 (+3322) 3D points
Focal Length in EXIF  [3136.000]
Estimated Focal Length [3136][0.78N]
# 3996 projs (1299 pts and 1 merges)
SKIP: 0 cams, 19518 points, 54499 projs
PBA: 19299 3D pts, 20 cams and 58715 projs...
PBA: 4.692 -> 2.532 (5 LMs in 0.20sec)
#points w/ large errors:	111
Radial Distortion : [0.058 -> 45]
# 176 projs (50 pts and 0 merges)
SKIP: 0 cams, 19584 points, 54284 projs
PBA: 19249 3D pts, 20 cams and 58450 projs...
PBA: 2.672 -> 2.543 (5 LMs in 0.23sec)
Focal Length : [3136.000]->[3248.558]
Radial Distortion : [0.056 -> 43]

#############################
#41: [IMG_2389] sees 1111 (+1910) 3D points
Focal Length in EXIF  [3136.000]
Estimated Focal Length [3136][0.78N]
# 1838 projs (542 pts and 0 merges)
SKIP: 0 cams, 20550 points, 56722 projs
PBA: 18682 3D pts, 20 cams and 57253 projs...
PBA: 3.566 -> 2.661 (5 LMs in 0.24sec)
#points w/ large errors:	445
Focal Length : [3136.000]->[3271.179]
Radial Distortion : [0.010 -> 7]

#############################
#42: [IMG_2388] sees 872 (+2382) 3D points
Focal Length in EXIF  [3136.000]
Estimated Focal Length [3136][0.78N]
# 2964 projs (1160 pts and 1 merges)
SKIP: 0 cams, 21200 points, 60002 projs
PBA: 18749 3D pts, 20 cams and 56925 projs...
PBA: 7.279 -> 2.338 (5 LMs in 0.33sec)
#points w/ large errors:	255
Focal Length : [3136.000]->[3243.188]
Radial Distortion : [-0.021 -> -17]

#############################
#43: [IMG_2387] sees 1227 (+1916) 3D points
Focal Length in EXIF  [3136.000]
Estimated Focal Length [3136][0.78N]
# 2258 projs (728 pts and 0 merges)
SKIP: 0 cams, 22011 points, 61835 projs
PBA: 18379 3D pts, 20 cams and 55952 projs...
PBA: 3.399 -> 2.233 (5 LMs in 0.45sec)
#points w/ large errors:	116

**************************************
#43/43:  10589 projs and 3366 pts added.
PBA: 42699 3D pts, 43 cams and 124606 projs...
PBA: 4.577 -> 2.635 (36 LMs in 6.76sec)
#points w/ large errors:	180
PBA: 42519 3D pts, 43 cams and 123918 projs...
PBA: 2.595 -> 2.592 (20 LMs in 4.05sec)
#points w/ large errors:	63
Focal Length : [3136.000]->[3300.807]
Radial Distortion : [0.037 -> 28]

#############################
#44: [IMG_2386] sees 1188 (+2095) 3D points
Focal Length in EXIF  [3136.000]
Estimated Focal Length [3136][0.78N]
# 2445 projs (857 pts and 0 merges)
SKIP: 0 cams, 22905 points, 63619 projs
PBA: 20261 3D pts, 20 cams and 62458 projs...
PBA: 6.821 -> 3.532 (5 LMs in 0.22sec)
#points w/ large errors:	1250
Focal Length : [3136.000]->[3307.133]
Radial Distortion : [-0.014 -> -11]

#############################
#45: [IMG_2385] sees 1131 (+2826) 3D points
Focal Length in EXIF  [3136.000]
Estimated Focal Length [3136][0.78N]
# 4503 projs (1782 pts and 3 merges)
SKIP: 0 cams, 23753 points, 70650 projs
PBA: 19905 3D pts, 20 cams and 59720 projs...
PBA: 4.994 -> 2.441 (5 LMs in 0.48sec)
#points w/ large errors:	285
Focal Length : [3136.000]->[3249.873]
Radial Distortion : [-0.033 -> -26]

#############################
#46: [IMG_2384] sees 1569 (+1847) 3D points
Focal Length in EXIF  [3136.000]
Estimated Focal Length [3136][0.78N]
# 2792 projs (921 pts and 4 merges)
SKIP: 0 cams, 24936 points, 70449 projs
PBA: 19177 3D pts, 20 cams and 57702 projs...
PBA: 3.947 -> 2.452 (5 LMs in 0.61sec)
#points w/ large errors:	254
Focal Length : [3136.000]->[3231.292]
Radial Distortion : [-0.042 -> -33]

#############################
#47: [IMG_2383] sees 2166 (+2517) 3D points
Focal Length in EXIF  [3136.000]
Estimated Focal Length [3136][0.78N]
# 945 projs (0 pts and 0 merges)
SKIP: 0 cams, 25837 points, 72066 projs
PBA: 18176 3D pts, 20 cams and 55814 projs...
PBA: 3.581 -> 2.344 (5 LMs in 0.39sec)
#points w/ large errors:	130
Focal Length : [3136.000]->[3259.001]
Radial Distortion : [-0.053 -> -41]

#############################
#48: [IMG_2382] sees 1301 (+3273) 3D points
Focal Length in EXIF  [3136.000]
Estimated Focal Length [3136][0.78N]
# 594 projs (0 pts and 0 merges)
PBA: 19287 3D pts, 48 cams and 78540 projs...
PBA: 2.828 -> 2.611 (36 LMs in 5.78sec)
#points w/ large errors:	184
Focal Length : [3136.000]->[3223.322]
Radial Distortion : [-0.052 -> -42]

#############################
#49: [IMG_2381] sees 771 (+3318) 3D points
Focal Length in EXIF  [3136.000]
Estimated Focal Length [3136][0.78N]
# 443 projs (0 pts and 0 merges)
SKIP: 2 cams, 27360 points, 75219 projs
PBA: 16700 3D pts, 20 cams and 52460 projs...
PBA: 2.566 -> 2.234 (5 LMs in 0.35sec)
#points w/ large errors:	40
Focal Length : [3136.000]->[3199.031]
Radial Distortion : [-0.054 -> -44]

#############################
#50: [IMG_2380] sees 555 (+2991) 3D points
Focal Length in EXIF  [3136.000]
Estimated Focal Length [3136][0.78N]
# 219 projs (0 pts and 0 merges)
SKIP: 2 cams, 27778 points, 75886 projs
PBA: 16284 3D pts, 20 cams and 51454 projs...
PBA: 2.275 -> 2.200 (5 LMs in 0.48sec)
#points w/ large errors:	48
Focal Length : [3136.000]->[3231.217]
Radial Distortion : [-0.048 -> -39]

#############################
#51: [IMG_2379] sees 456 (+2801) 3D points
Focal Length in EXIF  [3136.000]
Estimated Focal Length [3136][0.78N]
# 163 projs (0 pts and 0 merges)
SKIP: 3 cams, 28838 points, 78746 projs
PBA: 15225 3D pts, 20 cams and 48582 projs...
PBA: 2.321 -> 2.170 (5 LMs in 0.15sec)
#points w/ large errors:	19
Focal Length : [3136.000]->[3214.219]
Radial Distortion : [-0.070 -> -56]

#############################
#52: [IMG_2378] sees 342 (+2297) 3D points
Focal Length in EXIF  [3136.000]
Estimated Focal Length [3136][0.78N]
# 134 projs (0 pts and 0 merges)
SKIP: 18 cams, 30015 points, 82435 projs
PBA: 14049 3D pts, 20 cams and 44764 projs...
PBA: 2.171 -> 2.124 (5 LMs in 0.38sec)
#points w/ large errors:	17
Focal Length : [3136.000]->[3191.091]
Radial Distortion : [-0.051 -> -41]

#############################
#53: [IMG_2430] sees 906 (+2671) 3D points
Focal Length in EXIF  [3136.000]
Estimated Focal Length [3136][0.78N]
# 474 projs (0 pts and 1 merges)
PBA: 19264 3D pts, 53 cams and 79326 projs...
PBA: 2.846 -> 2.528 (20 LMs in 2.36sec)
#points w/ large errors:	63
Focal Length : [3136.000]->[3317.593]
Radial Distortion : [0.003 -> 1]

#############################
#54: [IMG_2431] sees 779 (+2562) 3D points
Focal Length in EXIF  [3136.000]
Estimated Focal Length [3136][0.78N]
# 306 projs (0 pts and 0 merges)
SKIP: 10 cams, 34090 points, 96505 projs
PBA: 9990 3D pts, 20 cams and 31289 projs...
PBA: 2.921 -> 2.279 (5 LMs in 0.47sec)
#points w/ large errors:	26

**************************************
#54/54:  32656 projs and 11172 pts added.
PBA: 54225 3D pts, 54 cams and 159383 projs...
PBA: 7.241 -> 2.871 (33 LMs in 7.66sec)
#points w/ large errors:	233
PBA: 53992 3D pts, 54 cams and 158417 projs...
PBA: 2.828 -> 2.824 (28 LMs in 6.03sec)
#points w/ large errors:	103
Focal Length : [3136.000]->[3360.931]
Radial Distortion : [-0.000 -> -1]

#############################
#55: [IMG_2432] sees 2074 (+2237) 3D points
Focal Length in EXIF  [3136.000]
Estimated Focal Length [3136][0.78N]
# 862 projs (0 pts and 1 merges)
SKIP: 10 cams, 35482 points, 101195 projs
PBA: 18473 3D pts, 20 cams and 57542 projs...
PBA: 5.029 -> 4.185 (5 LMs in 0.37sec)
#points w/ large errors:	1145
Focal Length : [3136.000]->[3260.499]
Radial Distortion : [-0.045 -> -35]

#############################
#56: [IMG_2433] sees 1149 (+2394) 3D points
Focal Length in EXIF  [3136.000]
Estimated Focal Length [3136][0.78N]
# 443 projs (0 pts and 0 merges)
SKIP: 10 cams, 36869 points, 106107 projs
PBA: 17098 3D pts, 20 cams and 52706 projs...
PBA: 3.571 -> 2.723 (5 LMs in 0.48sec)
#points w/ large errors:	367
Focal Length : [3136.000]->[3332.973]
Radial Distortion : [0.003 -> 1]

#############################
#57: [IMG_2434] sees 1049 (+2806) 3D points
Focal Length in EXIF  [3136.000]
Estimated Focal Length [3136][0.78N]
# 4986 projs (1961 pts and 2 merges)
SKIP: 11 cams, 36512 points, 105918 projs
PBA: 17583 3D pts, 20 cams and 53020 projs...
PBA: 6.989 -> 2.584 (5 LMs in 0.29sec)
#points w/ large errors:	91
Radial Distortion : [0.029 -> 21]
# 554 projs (225 pts and 1 merges)
SKIP: 11 cams, 36512 points, 104819 projs
PBA: 17713 3D pts, 20 cams and 53206 projs...
PBA: 3.018 -> 2.748 (5 LMs in 0.24sec)
Focal Length : [3136.000]->[3382.308]
Radial Distortion : [0.020 -> 14]

#############################
#58: [IMG_2377] sees 1867 (+3122) 3D points
Focal Length in EXIF  [3136.000]
Estimated Focal Length [3136][0.78N]
# 3746 projs (1351 pts and 0 merges)
SKIP: 9 cams, 34852 points, 99598 projs
PBA: 20461 3D pts, 20 cams and 61285 projs...
PBA: 6.132 -> 3.015 (5 LMs in 0.23sec)
#points w/ large errors:	1146
Focal Length : [3136.000]->[3178.421]
Radial Distortion : [-0.032 -> -26]

#############################
#59: [IMG_2376] sees 2041 (+1588) 3D points
Focal Length in EXIF  [3136.000]
Estimated Focal Length [3136][0.78N]
# 2996 projs (854 pts and 2 merges)
PBA: 24498 3D pts, 59 cams and 99125 projs...
PBA: 3.643 -> 2.503 (33 LMs in 7.75sec)
#points w/ large errors:	399
Focal Length : [3136.000]->[3203.216]
Radial Distortion : [-0.029 -> -24]

#############################
#60: [IMG_2375] sees 2582 (+2692) 3D points
Focal Length in EXIF  [3136.000]
Estimated Focal Length [3136][0.78N]
# 918 projs (0 pts and 0 merges)
SKIP: 13 cams, 38013 points, 108068 projs
PBA: 17232 3D pts, 20 cams and 52841 projs...
PBA: 3.372 -> 2.085 (5 LMs in 0.76sec)
#points w/ large errors:	60
Focal Length : [3136.000]->[3208.307]
Radial Distortion : [-0.060 -> -48]

#############################
#61: [IMG_2374] sees 2595 (+3898) 3D points
Focal Length in EXIF  [3136.000]
Estimated Focal Length [3136][0.78N]
# 6320 projs (2048 pts and 1 merges)
SKIP: 13 cams, 37829 points, 108965 projs
PBA: 18765 3D pts, 20 cams and 57486 projs...
PBA: 5.224 -> 2.290 (5 LMs in 0.55sec)
#points w/ large errors:	72
Radial Distortion : [0.026 -> 20]
# 1467 projs (575 pts and 0 merges)
SKIP: 13 cams, 37829 points, 108914 projs
PBA: 19268 3D pts, 20 cams and 58661 projs...
PBA: 2.535 -> 2.352 (5 LMs in 0.13sec)
Focal Length : [3136.000]->[3195.161]
Radial Distortion : [0.023 -> 18]

#############################
#62: [IMG_2373] sees 6599 (+3332) 3D points
Focal Length in EXIF  [3136.000]
Estimated Focal Length [3136][0.78N]
# 3683 projs (469 pts and 17 merges)
SKIP: 13 cams, 38686 points, 110887 projs
PBA: 18838 3D pts, 20 cams and 60091 projs...
PBA: 4.862 -> 2.507 (5 LMs in 0.25sec)
#points w/ large errors:	129
Radial Distortion : [0.017 -> 13]
# 258 projs (47 pts and 3 merges)
SKIP: 13 cams, 38772 points, 111466 projs
PBA: 18757 3D pts, 20 cams and 59692 projs...
PBA: 2.461 -> 2.418 (5 LMs in 0.14sec)
Focal Length : [3136.000]->[3190.691]
Radial Distortion : [0.018 -> 14]

^^^^^^^^^^^^^^^^^^^^^^^^^^^^^^^^
#62/62:  11182 projs and 3617 pts added.
PBA: 60695 3D pts, 62 cams and 181085 projs...
PBA: 6.881 -> 3.103 (50 LMs in 14.54sec)
#points w/ large errors:	754
PBA: 59941 3D pts, 62 cams and 177081 projs...
PBA: 2.859 -> 2.830 (27 LMs in 2.22sec)
#points w/ large errors:	151
END: No more images to add [0 projs]

#############################
Failed to find two images for initialization
Resuming SfM finished, 120 sec used

---------------------------------------------------
62 cams, 60723 pts (3+: 27102)
177135 projections (3+: 111050)
---------------------------------------------------
1 model(s) reconstructed from 146 images;
62 modeled; 0 reused; 146 EXIF; 
26MB(22) used to store feature location.
---------------------------------------------------

########-------timing------#########
Structure-From-Motion finished, 122 sec used
117.7(102.1) seconds on Bundle Adjustment (+)
115.8(100.8) seconds on Bundle Adjustment (*)
#############################
----------------------------------------------------------------
Run full 3D reconstruction, finished
Totally 122.000 seconds used


Run dense reconstruction, begin...
Save to dense.nvm ... done

#############################
Undistorting 62 images in model #0
param_undistortion_thread_num = 0
NOTE: using 8 threads...
#07: IMG_2419 -> 00000010.jpg, 2.811 sec
#02: IMG_2417 -> 00000008.jpg, 2.811 sec
#05: IMG_2415 -> 00000006.jpg, 2.884 sec
#06: IMG_2416 -> 00000007.jpg, 2.902 sec
#03: IMG_2412 -> 00000003.jpg, 2.904 sec
#04: IMG_2413 -> 00000004.jpg, 2.908 sec
#00: IMG_2409 -> 00000000.jpg, 2.972 sec
#01: IMG_2411 -> 00000002.jpg, 3.025 sec
#06: IMG_2423 -> 00000014.jpg, 2.753 sec
#07: IMG_2420 -> 00000011.jpg, 2.846 sec
#02: IMG_2418 -> 00000009.jpg, 2.903 sec
#05: IMG_2421 -> 00000012.jpg, 2.963 sec
#04: IMG_2414 -> 00000005.jpg, 2.968 sec
#03: IMG_2407 -> 00000016.jpg, 2.973 sec
#00: IMG_2410 -> 00000001.jpg, 3.106 sec
#01: IMG_2405 -> 00000018.jpg, 3.144 sec
#07: IMG_2403 -> 00000020.jpg, 2.993 sec
#06: IMG_2408 -> 00000015.jpg, 3.063 sec
#02: IMG_2401 -> 00000022.jpg, 3.088 sec
#03: IMG_2406 -> 00000017.jpg, 2.944 sec
#05: IMG_2422 -> 00000013.jpg, 3.036 sec
#04: IMG_2399 -> 00000024.jpg, 3.057 sec
#00: IMG_2424 -> 00000026.jpg, 2.934 sec
#01: IMG_2404 -> 00000019.jpg, 3.269 sec
#07: IMG_2402 -> 00000021.jpg, 3.174 sec
#05: IMG_2397 -> 00000032.jpg, 2.953 sec
#04: IMG_2398 -> 00000025.jpg, 3.065 sec
#06: IMG_2426 -> 00000028.jpg, 3.288 sec
#02: IMG_2400 -> 00000023.jpg, 3.219 sec
#03: IMG_2428 -> 00000030.jpg, 3.209 sec
#00: IMG_2425 -> 00000027.jpg, 3.055 sec
#01: IMG_2395 -> 00000034.jpg, 3.016 sec
#07: IMG_2393 -> 00000036.jpg, 2.940 sec
#05: IMG_2396 -> 00000033.jpg, 3.004 sec
#02: IMG_2389 -> 00000040.jpg, 2.928 sec
#06: IMG_2427 -> 00000029.jpg, 2.956 sec
#03: IMG_2429 -> 00000031.jpg, 2.955 sec
#04: IMG_2391 -> 00000038.jpg, 3.034 sec
#01: IMG_2394 -> 00000035.jpg, 3.335 sec
#00: IMG_2387 -> 00000042.jpg, 3.780 sec
#07: IMG_2392 -> 00000037.jpg, 4.182 sec
#05: IMG_2385 -> 00000044.jpg, 4.106 sec
#03: IMG_2381 -> 00000048.jpg, 4.076 sec
#02: IMG_2388 -> 00000041.jpg, 4.129 sec
#06: IMG_2383 -> 00000046.jpg, 4.157 sec
#01: IMG_2379 -> 00000050.jpg, 4.056 sec
#00: IMG_2386 -> 00000043.jpg, 4.094 sec
#04: IMG_2390 -> 00000039.jpg, 4.990 sec
#03: IMG_2380 -> 00000049.jpg, 3.685 sec
#05: IMG_2384 -> 00000045.jpg, 3.832 sec
#07: IMG_2430 -> 00000052.jpg, 3.868 sec
#02: IMG_2432 -> 00000054.jpg, 3.828 sec
#06: IMG_2382 -> 00000047.jpg, 3.796 sec
#01: IMG_2378 -> 00000051.jpg, 3.776 sec
#00: IMG_2434 -> 00000056.jpg, 4.539 sec
#04: IMG_2376 -> 00000058.jpg, 4.500 sec
#07: IMG_2431 -> 00000053.jpg, 3.427 sec
#03: IMG_2374 -> 00000060.jpg, 4.118 sec
#02: IMG_2433 -> 00000055.jpg, 4.058 sec
#00: IMG_2377 -> 00000057.jpg, 3.533 sec
#04: IMG_2375 -> 00000059.jpg, 3.555 sec
#03: IMG_2373 -> 00000061.jpg, 3.502 sec
----------------------------------------------------------------
Running Yasutaka Furukawa's CMVS tool...
cmvs C:\Users\Chris\Desktop\pile\dense.nvm.cmvs\00\ 50 8
ERROR: the above CMVS command failed!
FAQ: http://ccwu.me/vsfm/doc.html#errors
----------------------------------------------------------------
Run dense reconstruction, finished
Totally 32.000 seconds used

